Config Directory: ../../config/sample/
IO Directory: ../../data/sample/
Parsing Config file: ../../config/sample/Model.cfg
line: SeedMemory{
Added child: SeedMemory
line: WordLength:64(bits)
Added parameter: SeedMemory WordLength 64
line: Addressibility:64(bits)
Added parameter: SeedMemory Addressibility 64
line: AddressLength:16(bits)
Added parameter: SeedMemory AddressLength 16
line: ChannelWidth:4(addresses)
Added parameter: SeedMemory ChannelWidth 4
line: LatencyMin:40(CPUCycles)
Added parameter: SeedMemory LatencyMin 40
line: LatencyMax:100(CPUCycles)
Added parameter: SeedMemory LatencyMax 100
line: }
line: OccMemory{
Added child: OccMemory
line: WordLength:64(bits)
Added parameter: OccMemory WordLength 64
line: Addressibility:64(bits)
Added parameter: OccMemory Addressibility 64
line: AddressLength:16(bits)
Added parameter: OccMemory AddressLength 16
line: ChannelWidth:4(addresses)
Added parameter: OccMemory ChannelWidth 4
line: LatencyMin:40(CPUCycles)
Added parameter: OccMemory LatencyMin 40
line: LatencyMax:100(CPUCycles)
Added parameter: OccMemory LatencyMax 100
line: }
line: SAIMemory{
Added child: SAIMemory
line: WordLength:64(bits)
Added parameter: SAIMemory WordLength 64
line: Addressibility:64(bits)
Added parameter: SAIMemory Addressibility 64
line: AddressLength:16(bits)
Added parameter: SAIMemory AddressLength 16
line: ChannelWidth:4(addresses)
Added parameter: SAIMemory ChannelWidth 4
line: LatencyMin:40(CPUCycles)
Added parameter: SAIMemory LatencyMin 40
line: LatencyMax:100(CPUCycles)
Added parameter: SAIMemory LatencyMax 100
line: }
line: Core{
Added child: Core
line: FetchUnit{
Added child: FetchUnit
line: FillIdxQ{
Added child: FillIdxQ
line: Size:8
Added parameter: FillIdxQ Size 8
line: }
line: SeedReservationStation{
Added child: SeedReservationStation
line: EntryCount:32
Added parameter: SeedReservationStation EntryCount 32
line: EntryBaseLength:64(bits)
Added parameter: SeedReservationStation EntryBaseLength 64
line: }
line: }
line: DispatchBuffer{
Added child: DispatchBuffer
line: EntryCount:1
Added parameter: DispatchBuffer EntryCount 1
line: }
line: StoreBuffer{
Added child: StoreBuffer
line: EntryCount:32
Added parameter: StoreBuffer EntryCount 32
line: }
line: OccMemBuffer{
Added child: OccMemBuffer
line: LoadEntryCount:4
Added parameter: OccMemBuffer LoadEntryCount 4
line: PrefetchEntryCount:4
Added parameter: OccMemBuffer PrefetchEntryCount 4
line: }
line: ComputeBuffer{
Added child: ComputeBuffer
line: EntryCount:4
Added parameter: ComputeBuffer EntryCount 4
line: }
line: Prefetcher{
Added child: Prefetcher
line: SuffixDepth:5(basechars)
Added parameter: Prefetcher SuffixDepth 5
line: }
line: Cache{
Added child: Cache
line: Asssociativity:4(ways)
Added parameter: Cache Asssociativity 4
line: Tag:40(bits)
Added parameter: Cache Tag 40
line: Index:20(bits)
Added parameter: Cache Index 20
line: Offset:4(bits)
Added parameter: Cache Offset 4
line: }
line: }
File opened: ../../data/sample/SdMEM.mem
Unable to open input file for OcMEM
2
4
Queue: Fetch_FillIdxQ	Size: 8
Queue: Fetch_FillIdxQ	Size: 8
Read Pointer: 0
Write Pointer: 0
Count: 0
Full: 0
Empty: 1
3
===================================================================================================

New Cycle: 0
in readAccess: 00000000000000000000000000000000
randomLatency: 60
read pending: 59
===================================================================================================

New Cycle: 1
========================================================
Queue: Fetch_FillIdxQ	8
Idx	 Value
--------------------------------------------------------
0	00000000000000000000000000000000
1	00000000000000000000000000000001
2	00000000000000000000000000000010
3	00000000000000000000000000000011
4	00000000000000000000000000000100
5	00000000000000000000000000000000
6	00000000000000000000000000000000
7	00000000000000000000000000000000
Read Pointer: 0
Write Pointer: 5
Count: 5
Full: 0
Empty: 0
read pending: 58
===================================================================================================

New Cycle: 2
========================================================
Queue: Fetch_FillIdxQ	8
Idx	 Value
--------------------------------------------------------
0	00000000000000000000000000000000
1	00000000000000000000000000000001
2	00000000000000000000000000000010
3	00000000000000000000000000000011
4	00000000000000000000000000000100
5	00000000000000000000000000000101
6	00000000000000000000000000000000
7	00000000000000000000000000000000
Read Pointer: 0
Write Pointer: 6
Count: 6
Full: 0
Empty: 0
read pending: 57
===================================================================================================

New Cycle: 3
========================================================
Queue: Fetch_FillIdxQ	8
Idx	 Value
--------------------------------------------------------
0	00000000000000000000000000000000
1	00000000000000000000000000000001
2	00000000000000000000000000000010
3	00000000000000000000000000000011
4	00000000000000000000000000000100
5	00000000000000000000000000000101
6	00000000000000000000000000000110
7	00000000000000000000000000000000
Read Pointer: 0
Write Pointer: 7
Count: 7
Full: 0
Empty: 0
read pending: 56
===================================================================================================

New Cycle: 4
========================================================
Queue: Fetch_FillIdxQ	8
Idx	 Value
--------------------------------------------------------
0	00000000000000000000000000000000
1	00000000000000000000000000000001
2	00000000000000000000000000000010
3	00000000000000000000000000000011
4	00000000000000000000000000000100
5	00000000000000000000000000000101
6	00000000000000000000000000000110
7	00000000000000000000000000000111
Read Pointer: 0
Write Pointer: 0
Count: 8
Full: 1
Empty: 0
read pending: 55
===================================================================================================

New Cycle: 5
read pending: 54
===================================================================================================

New Cycle: 6
read pending: 53
===================================================================================================

New Cycle: 7
read pending: 52
===================================================================================================

New Cycle: 8
read pending: 51
===================================================================================================

New Cycle: 9
read pending: 50
===================================================================================================

New Cycle: 10
read pending: 49
===================================================================================================

New Cycle: 11
read pending: 48
===================================================================================================

New Cycle: 12
read pending: 47
===================================================================================================

New Cycle: 13
read pending: 46
===================================================================================================

New Cycle: 14
read pending: 45
===================================================================================================

New Cycle: 15
read pending: 44
===================================================================================================

New Cycle: 16
read pending: 43
===================================================================================================

New Cycle: 17
read pending: 42
===================================================================================================

New Cycle: 18
read pending: 41
===================================================================================================

New Cycle: 19
read pending: 40
===================================================================================================

New Cycle: 20
read pending: 39
===================================================================================================

New Cycle: 21
read pending: 38
===================================================================================================

New Cycle: 22
read pending: 37
===================================================================================================

New Cycle: 23
read pending: 36
===================================================================================================

New Cycle: 24
read pending: 35
===================================================================================================

New Cycle: 25
read pending: 34
===================================================================================================

New Cycle: 26
read pending: 33
===================================================================================================

New Cycle: 27
read pending: 32
===================================================================================================

New Cycle: 28
read pending: 31
===================================================================================================

New Cycle: 29
read pending: 30
===================================================================================================

New Cycle: 30
read pending: 29
===================================================================================================

New Cycle: 31
read pending: 28
===================================================================================================

New Cycle: 32
read pending: 27
===================================================================================================

New Cycle: 33
read pending: 26
===================================================================================================

New Cycle: 34
read pending: 25
===================================================================================================

New Cycle: 35
read pending: 24
===================================================================================================

New Cycle: 36
read pending: 23
===================================================================================================

New Cycle: 37
read pending: 22
===================================================================================================

New Cycle: 38
read pending: 21
===================================================================================================

New Cycle: 39
read pending: 20
===================================================================================================

New Cycle: 40
read pending: 19
===================================================================================================

New Cycle: 41
read pending: 18
===================================================================================================

New Cycle: 42
read pending: 17
===================================================================================================

New Cycle: 43
read pending: 16
===================================================================================================

New Cycle: 44
read pending: 15
===================================================================================================

New Cycle: 45
read pending: 14
===================================================================================================

New Cycle: 46
read pending: 13
===================================================================================================

New Cycle: 47
read pending: 12
===================================================================================================

New Cycle: 48
read pending: 11
===================================================================================================

New Cycle: 49
read pending: 10
===================================================================================================

New Cycle: 50
read pending: 9
===================================================================================================

New Cycle: 51
read pending: 8
===================================================================================================

New Cycle: 52
read pending: 7
===================================================================================================

New Cycle: 53
read pending: 6
===================================================================================================

New Cycle: 54
read pending: 5
===================================================================================================

New Cycle: 55
read pending: 4
===================================================================================================

New Cycle: 56
read pending: 3
===================================================================================================

New Cycle: 57
read pending: 2
===================================================================================================

New Cycle: 58
read pending: 1
===================================================================================================

New Cycle: 59
read pending: 0
reading done
===================================================================================================

New Cycle: 60
=================================================================================================================
Idx	 Seed Address				 Seed									 Low Pointer				 High Pointer				 Base Pointer	 Ready	 Valid
---------------------------------------------------------------------------------------------------------------------------------------------------------------------------------------------------------------------------------------------
0	00000000000000000000000000000000	0111010011011000011011010011011000010010000001001011001001000000	00000000000000000000000000000000	00000011100000100010100101010000	000000		1	0
1	00000000000000000000000000000001	0000000000000000000000000111010011011000000000011001010011001000	00000000000000000000000000000000	00000011100000100010100101010000	000000		1	0
2	00000000000000000000000000000010	0111001011000001001001011010011000000011010000000011001010011001	00000000000000000000000000000000	00000011100000100010100101010000	000000		1	0
3	00000000000000000000000000000011	0000000000000000000000000111010011001000000000011000010011001000	00000000000000000000000000000000	00000011100000100010100101010000	000000		1	0
4	00000000000000000000000000000000	0000000000000000000000000000000000000000000000000000000000000000	00000000000000000000000000000000	00000000000000000000000000000000	000000		1	1
5	00000000000000000000000000000000	0000000000000000000000000000000000000000000000000000000000000000	00000000000000000000000000000000	00000000000000000000000000000000	000000		1	1
6	00000000000000000000000000000000	0000000000000000000000000000000000000000000000000000000000000000	00000000000000000000000000000000	00000000000000000000000000000000	000000		1	1
7	00000000000000000000000000000000	0000000000000000000000000000000000000000000000000000000000000000	00000000000000000000000000000000	00000000000000000000000000000000	000000		1	1
8	00000000000000000000000000000000	0000000000000000000000000000000000000000000000000000000000000000	00000000000000000000000000000000	00000000000000000000000000000000	000000		0	1
9	00000000000000000000000000000000	0000000000000000000000000000000000000000000000000000000000000000	00000000000000000000000000000000	00000000000000000000000000000000	000000		0	1
10	00000000000000000000000000000000	0000000000000000000000000000000000000000000000000000000000000000	00000000000000000000000000000000	00000000000000000000000000000000	000000		0	1
11	00000000000000000000000000000000	0000000000000000000000000000000000000000000000000000000000000000	00000000000000000000000000000000	00000000000000000000000000000000	000000		0	1
12	00000000000000000000000000000000	0000000000000000000000000000000000000000000000000000000000000000	00000000000000000000000000000000	00000000000000000000000000000000	000000		0	1
13	00000000000000000000000000000000	0000000000000000000000000000000000000000000000000000000000000000	00000000000000000000000000000000	00000000000000000000000000000000	000000		0	1
14	00000000000000000000000000000000	0000000000000000000000000000000000000000000000000000000000000000	00000000000000000000000000000000	00000000000000000000000000000000	000000		0	1
15	00000000000000000000000000000000	0000000000000000000000000000000000000000000000000000000000000000	00000000000000000000000000000000	00000000000000000000000000000000	000000		0	1
16	00000000000000000000000000000000	0000000000000000000000000000000000000000000000000000000000000000	00000000000000000000000000000000	00000000000000000000000000000000	000000		0	1
17	00000000000000000000000000000000	0000000000000000000000000000000000000000000000000000000000000000	00000000000000000000000000000000	00000000000000000000000000000000	000000		0	1
18	00000000000000000000000000000000	0000000000000000000000000000000000000000000000000000000000000000	00000000000000000000000000000000	00000000000000000000000000000000	000000		0	1
19	00000000000000000000000000000000	0000000000000000000000000000000000000000000000000000000000000000	00000000000000000000000000000000	00000000000000000000000000000000	000000		0	1
20	00000000000000000000000000000000	0000000000000000000000000000000000000000000000000000000000000000	00000000000000000000000000000000	00000000000000000000000000000000	000000		0	1
21	00000000000000000000000000000000	0000000000000000000000000000000000000000000000000000000000000000	00000000000000000000000000000000	00000000000000000000000000000000	000000		0	1
22	00000000000000000000000000000000	0000000000000000000000000000000000000000000000000000000000000000	00000000000000000000000000000000	00000000000000000000000000000000	000000		0	1
23	00000000000000000000000000000000	0000000000000000000000000000000000000000000000000000000000000000	00000000000000000000000000000000	00000000000000000000000000000000	000000		0	1
24	00000000000000000000000000000000	0000000000000000000000000000000000000000000000000000000000000000	00000000000000000000000000000000	00000000000000000000000000000000	000000		0	1
25	00000000000000000000000000000000	0000000000000000000000000000000000000000000000000000000000000000	00000000000000000000000000000000	00000000000000000000000000000000	000000		0	1
26	00000000000000000000000000000000	0000000000000000000000000000000000000000000000000000000000000000	00000000000000000000000000000000	00000000000000000000000000000000	000000		0	1
27	00000000000000000000000000000000	0000000000000000000000000000000000000000000000000000000000000000	00000000000000000000000000000000	00000000000000000000000000000000	000000		0	1
28	00000000000000000000000000000000	0000000000000000000000000000000000000000000000000000000000000000	00000000000000000000000000000000	00000000000000000000000000000000	000000		0	1
29	00000000000000000000000000000000	0000000000000000000000000000000000000000000000000000000000000000	00000000000000000000000000000000	00000000000000000000000000000000	000000		0	1
30	00000000000000000000000000000000	0000000000000000000000000000000000000000000000000000000000000000	00000000000000000000000000000000	00000000000000000000000000000000	000000		0	1
31	00000000000000000000000000000000	0000000000000000000000000000000000000000000000000000000000000000	00000000000000000000000000000000	00000000000000000000000000000000	000000		0	1
in readAccess: 00000000000000000000000000000100
randomLatency: 60
read pending: 59
===================================================================================================

New Cycle: 61
========================================================
Queue: Fetch_FillIdxQ	8
Idx	 Value
--------------------------------------------------------
0	00000000000000000000000000001000
1	00000000000000000000000000000001
2	00000000000000000000000000000010
3	00000000000000000000000000000011
4	00000000000000000000000000000100
5	00000000000000000000000000000101
6	00000000000000000000000000000110
7	00000000000000000000000000000111
Read Pointer: 4
Write Pointer: 1
Count: 5
Full: 0
Empty: 0
read pending: 58
===================================================================================================

New Cycle: 62
========================================================
Queue: Fetch_FillIdxQ	8
Idx	 Value
--------------------------------------------------------
0	00000000000000000000000000001000
1	00000000000000000000000000001001
2	00000000000000000000000000000010
3	00000000000000000000000000000011
4	00000000000000000000000000000100
5	00000000000000000000000000000101
6	00000000000000000000000000000110
7	00000000000000000000000000000111
Read Pointer: 4
Write Pointer: 2
Count: 6
Full: 0
Empty: 0
read pending: 57
===================================================================================================

New Cycle: 63
========================================================
Queue: Fetch_FillIdxQ	8
Idx	 Value
--------------------------------------------------------
0	00000000000000000000000000001000
1	00000000000000000000000000001001
2	00000000000000000000000000001010
3	00000000000000000000000000000011
4	00000000000000000000000000000100
5	00000000000000000000000000000101
6	00000000000000000000000000000110
7	00000000000000000000000000000111
Read Pointer: 4
Write Pointer: 3
Count: 7
Full: 0
Empty: 0
read pending: 56
===================================================================================================

New Cycle: 64
========================================================
Queue: Fetch_FillIdxQ	8
Idx	 Value
--------------------------------------------------------
0	00000000000000000000000000001000
1	00000000000000000000000000001001
2	00000000000000000000000000001010
3	00000000000000000000000000001011
4	00000000000000000000000000000100
5	00000000000000000000000000000101
6	00000000000000000000000000000110
7	00000000000000000000000000000111
Read Pointer: 4
Write Pointer: 4
Count: 8
Full: 1
Empty: 0
read pending: 55
===================================================================================================

New Cycle: 65
read pending: 54
===================================================================================================

New Cycle: 66
read pending: 53
===================================================================================================

New Cycle: 67
read pending: 52
===================================================================================================

New Cycle: 68
read pending: 51
===================================================================================================

New Cycle: 69
read pending: 50
===================================================================================================

New Cycle: 70
read pending: 49
===================================================================================================

New Cycle: 71
read pending: 48
===================================================================================================

New Cycle: 72
read pending: 47
===================================================================================================

New Cycle: 73
read pending: 46
===================================================================================================

New Cycle: 74
read pending: 45
===================================================================================================

New Cycle: 75
read pending: 44
===================================================================================================

New Cycle: 76
read pending: 43
===================================================================================================

New Cycle: 77
read pending: 42
===================================================================================================

New Cycle: 78
read pending: 41
===================================================================================================

New Cycle: 79
read pending: 40
===================================================================================================

New Cycle: 80
read pending: 39
===================================================================================================

New Cycle: 81
read pending: 38
===================================================================================================

New Cycle: 82
read pending: 37
===================================================================================================

New Cycle: 83
read pending: 36
===================================================================================================

New Cycle: 84
read pending: 35
===================================================================================================

New Cycle: 85
read pending: 34
===================================================================================================

New Cycle: 86
read pending: 33
===================================================================================================

New Cycle: 87
read pending: 32
===================================================================================================

New Cycle: 88
read pending: 31
===================================================================================================

New Cycle: 89
read pending: 30
===================================================================================================

New Cycle: 90
read pending: 29
===================================================================================================

New Cycle: 91
read pending: 28
===================================================================================================

New Cycle: 92
read pending: 27
===================================================================================================

New Cycle: 93
read pending: 26
===================================================================================================

New Cycle: 94
read pending: 25
===================================================================================================

New Cycle: 95
read pending: 24
===================================================================================================

New Cycle: 96
read pending: 23
===================================================================================================

New Cycle: 97
read pending: 22
===================================================================================================

New Cycle: 98
read pending: 21
===================================================================================================

New Cycle: 99
read pending: 20
===================================================================================================

New Cycle: 100
read pending: 19
===================================================================================================

New Cycle: 101
read pending: 18
===================================================================================================

New Cycle: 102
read pending: 17
===================================================================================================

New Cycle: 103
read pending: 16
===================================================================================================

New Cycle: 104
read pending: 15
===================================================================================================

New Cycle: 105
read pending: 14
===================================================================================================

New Cycle: 106
read pending: 13
===================================================================================================

New Cycle: 107
read pending: 12
===================================================================================================

New Cycle: 108
read pending: 11
===================================================================================================

New Cycle: 109
read pending: 10
===================================================================================================

New Cycle: 110
read pending: 9
===================================================================================================

New Cycle: 111
read pending: 8
===================================================================================================

New Cycle: 112
read pending: 7
===================================================================================================

New Cycle: 113
read pending: 6
===================================================================================================

New Cycle: 114
read pending: 5
===================================================================================================

New Cycle: 115
read pending: 4
===================================================================================================

New Cycle: 116
read pending: 3
===================================================================================================

New Cycle: 117
read pending: 2
===================================================================================================

New Cycle: 118
read pending: 1
===================================================================================================

New Cycle: 119
read pending: 0
reading done
===================================================================================================

New Cycle: 120
=================================================================================================================
Idx	 Seed Address				 Seed									 Low Pointer				 High Pointer				 Base Pointer	 Ready	 Valid
---------------------------------------------------------------------------------------------------------------------------------------------------------------------------------------------------------------------------------------------
0	00000000000000000000000000000000	0111010011011000011011010011011000010010000001001011001001000000	00000000000000000000000000000000	00000011100000100010100101010000	000000		1	0
1	00000000000000000000000000000001	0000000000000000000000000111010011011000000000011001010011001000	00000000000000000000000000000000	00000011100000100010100101010000	000000		1	0
2	00000000000000000000000000000010	0111001011000001001001011010011000000011010000000011001010011001	00000000000000000000000000000000	00000011100000100010100101010000	000000		1	0
3	00000000000000000000000000000011	0000000000000000000000000111010011001000000000011000010011001000	00000000000000000000000000000000	00000011100000100010100101010000	000000		1	0
4	00000000000000000000000000000100	0111000001011010011000000011011001010010011000000000010001000010	00000000000000000000000000000000	00000011100000100010100101010000	000000		1	0
5	00000000000000000000000000000101	0111001010011010011001000011010001000000000011001010011010010000	00000000000000000000000000000000	00000011100000100010100101010000	000000		1	0
6	00000000000000000000000000000110	0111000000010010001001011010011000010000001001010001000000010000	00000000000000000000000000000000	00000011100000100010100101010000	000000		1	0
7	00000000000000000000000000000111	0111011000010001010001001010010010010001001010010011011010011000	00000000000000000000000000000000	00000011100000100010100101010000	000000		1	0
8	00000000000000000000000000000000	0000000000000000000000000000000000000000000000000000000000000000	00000000000000000000000000000000	00000000000000000000000000000000	000000		1	1
9	00000000000000000000000000000000	0000000000000000000000000000000000000000000000000000000000000000	00000000000000000000000000000000	00000000000000000000000000000000	000000		1	1
10	00000000000000000000000000000000	0000000000000000000000000000000000000000000000000000000000000000	00000000000000000000000000000000	00000000000000000000000000000000	000000		1	1
11	00000000000000000000000000000000	0000000000000000000000000000000000000000000000000000000000000000	00000000000000000000000000000000	00000000000000000000000000000000	000000		1	1
12	00000000000000000000000000000000	0000000000000000000000000000000000000000000000000000000000000000	00000000000000000000000000000000	00000000000000000000000000000000	000000		0	1
13	00000000000000000000000000000000	0000000000000000000000000000000000000000000000000000000000000000	00000000000000000000000000000000	00000000000000000000000000000000	000000		0	1
14	00000000000000000000000000000000	0000000000000000000000000000000000000000000000000000000000000000	00000000000000000000000000000000	00000000000000000000000000000000	000000		0	1
15	00000000000000000000000000000000	0000000000000000000000000000000000000000000000000000000000000000	00000000000000000000000000000000	00000000000000000000000000000000	000000		0	1
16	00000000000000000000000000000000	0000000000000000000000000000000000000000000000000000000000000000	00000000000000000000000000000000	00000000000000000000000000000000	000000		0	1
17	00000000000000000000000000000000	0000000000000000000000000000000000000000000000000000000000000000	00000000000000000000000000000000	00000000000000000000000000000000	000000		0	1
18	00000000000000000000000000000000	0000000000000000000000000000000000000000000000000000000000000000	00000000000000000000000000000000	00000000000000000000000000000000	000000		0	1
19	00000000000000000000000000000000	0000000000000000000000000000000000000000000000000000000000000000	00000000000000000000000000000000	00000000000000000000000000000000	000000		0	1
20	00000000000000000000000000000000	0000000000000000000000000000000000000000000000000000000000000000	00000000000000000000000000000000	00000000000000000000000000000000	000000		0	1
21	00000000000000000000000000000000	0000000000000000000000000000000000000000000000000000000000000000	00000000000000000000000000000000	00000000000000000000000000000000	000000		0	1
22	00000000000000000000000000000000	0000000000000000000000000000000000000000000000000000000000000000	00000000000000000000000000000000	00000000000000000000000000000000	000000		0	1
23	00000000000000000000000000000000	0000000000000000000000000000000000000000000000000000000000000000	00000000000000000000000000000000	00000000000000000000000000000000	000000		0	1
24	00000000000000000000000000000000	0000000000000000000000000000000000000000000000000000000000000000	00000000000000000000000000000000	00000000000000000000000000000000	000000		0	1
25	00000000000000000000000000000000	0000000000000000000000000000000000000000000000000000000000000000	00000000000000000000000000000000	00000000000000000000000000000000	000000		0	1
26	00000000000000000000000000000000	0000000000000000000000000000000000000000000000000000000000000000	00000000000000000000000000000000	00000000000000000000000000000000	000000		0	1
27	00000000000000000000000000000000	0000000000000000000000000000000000000000000000000000000000000000	00000000000000000000000000000000	00000000000000000000000000000000	000000		0	1
28	00000000000000000000000000000000	0000000000000000000000000000000000000000000000000000000000000000	00000000000000000000000000000000	00000000000000000000000000000000	000000		0	1
29	00000000000000000000000000000000	0000000000000000000000000000000000000000000000000000000000000000	00000000000000000000000000000000	00000000000000000000000000000000	000000		0	1
30	00000000000000000000000000000000	0000000000000000000000000000000000000000000000000000000000000000	00000000000000000000000000000000	00000000000000000000000000000000	000000		0	1
31	00000000000000000000000000000000	0000000000000000000000000000000000000000000000000000000000000000	00000000000000000000000000000000	00000000000000000000000000000000	000000		0	1
in readAccess: 00000000000000000000000000001000
randomLatency: 60
read pending: 59
===================================================================================================

New Cycle: 121
========================================================
Queue: Fetch_FillIdxQ	8
Idx	 Value
--------------------------------------------------------
0	00000000000000000000000000001000
1	00000000000000000000000000001001
2	00000000000000000000000000001010
3	00000000000000000000000000001011
4	00000000000000000000000000001100
5	00000000000000000000000000000101
6	00000000000000000000000000000110
7	00000000000000000000000000000111
Read Pointer: 0
Write Pointer: 5
Count: 5
Full: 0
Empty: 0
read pending: 58
===================================================================================================

New Cycle: 122
========================================================
Queue: Fetch_FillIdxQ	8
Idx	 Value
--------------------------------------------------------
0	00000000000000000000000000001000
1	00000000000000000000000000001001
2	00000000000000000000000000001010
3	00000000000000000000000000001011
4	00000000000000000000000000001100
5	00000000000000000000000000001101
6	00000000000000000000000000000110
7	00000000000000000000000000000111
Read Pointer: 0
Write Pointer: 6
Count: 6
Full: 0
Empty: 0
read pending: 57
===================================================================================================

New Cycle: 123
========================================================
Queue: Fetch_FillIdxQ	8
Idx	 Value
--------------------------------------------------------
0	00000000000000000000000000001000
1	00000000000000000000000000001001
2	00000000000000000000000000001010
3	00000000000000000000000000001011
4	00000000000000000000000000001100
5	00000000000000000000000000001101
6	00000000000000000000000000001110
7	00000000000000000000000000000111
Read Pointer: 0
Write Pointer: 7
Count: 7
Full: 0
Empty: 0
read pending: 56
===================================================================================================

New Cycle: 124
========================================================
Queue: Fetch_FillIdxQ	8
Idx	 Value
--------------------------------------------------------
0	00000000000000000000000000001000
1	00000000000000000000000000001001
2	00000000000000000000000000001010
3	00000000000000000000000000001011
4	00000000000000000000000000001100
5	00000000000000000000000000001101
6	00000000000000000000000000001110
7	00000000000000000000000000001111
Read Pointer: 0
Write Pointer: 0
Count: 8
Full: 1
Empty: 0
read pending: 55
===================================================================================================

New Cycle: 125
read pending: 54
===================================================================================================

New Cycle: 126
read pending: 53
===================================================================================================

New Cycle: 127
read pending: 52
===================================================================================================

New Cycle: 128
read pending: 51
===================================================================================================

New Cycle: 129
read pending: 50
===================================================================================================

New Cycle: 130
read pending: 49
===================================================================================================

New Cycle: 131
read pending: 48
===================================================================================================

New Cycle: 132
read pending: 47
===================================================================================================

New Cycle: 133
read pending: 46
===================================================================================================

New Cycle: 134
read pending: 45
===================================================================================================

New Cycle: 135
read pending: 44
===================================================================================================

New Cycle: 136
read pending: 43
===================================================================================================

New Cycle: 137
read pending: 42
===================================================================================================

New Cycle: 138
read pending: 41
===================================================================================================

New Cycle: 139
read pending: 40
===================================================================================================

New Cycle: 140
read pending: 39
===================================================================================================

New Cycle: 141
read pending: 38
===================================================================================================

New Cycle: 142
read pending: 37
===================================================================================================

New Cycle: 143
read pending: 36
===================================================================================================

New Cycle: 144
read pending: 35
===================================================================================================

New Cycle: 145
read pending: 34
===================================================================================================

New Cycle: 146
read pending: 33
===================================================================================================

New Cycle: 147
read pending: 32
===================================================================================================

New Cycle: 148
read pending: 31
===================================================================================================

New Cycle: 149
read pending: 30
===================================================================================================

New Cycle: 150
read pending: 29
===================================================================================================

New Cycle: 151
read pending: 28
===================================================================================================

New Cycle: 152
read pending: 27
===================================================================================================

New Cycle: 153
read pending: 26
===================================================================================================

New Cycle: 154
read pending: 25
===================================================================================================

New Cycle: 155
read pending: 24
===================================================================================================

New Cycle: 156
read pending: 23
===================================================================================================

New Cycle: 157
read pending: 22
===================================================================================================

New Cycle: 158
read pending: 21
===================================================================================================

New Cycle: 159
read pending: 20
===================================================================================================

New Cycle: 160
read pending: 19
===================================================================================================

New Cycle: 161
read pending: 18
===================================================================================================

New Cycle: 162
read pending: 17
===================================================================================================

New Cycle: 163
read pending: 16
===================================================================================================

New Cycle: 164
read pending: 15
===================================================================================================

New Cycle: 165
read pending: 14
===================================================================================================

New Cycle: 166
read pending: 13
===================================================================================================

New Cycle: 167
read pending: 12
===================================================================================================

New Cycle: 168
read pending: 11
===================================================================================================

New Cycle: 169
read pending: 10
===================================================================================================

New Cycle: 170
read pending: 9
===================================================================================================

New Cycle: 171
read pending: 8
===================================================================================================

New Cycle: 172
read pending: 7
===================================================================================================

New Cycle: 173
read pending: 6
===================================================================================================

New Cycle: 174
read pending: 5
===================================================================================================

New Cycle: 175
read pending: 4
===================================================================================================

New Cycle: 176
read pending: 3
===================================================================================================

New Cycle: 177
read pending: 2
===================================================================================================

New Cycle: 178
read pending: 1
===================================================================================================

New Cycle: 179
read pending: 0
reading done
===================================================================================================

New Cycle: 180
=================================================================================================================
Idx	 Seed Address				 Seed									 Low Pointer				 High Pointer				 Base Pointer	 Ready	 Valid
---------------------------------------------------------------------------------------------------------------------------------------------------------------------------------------------------------------------------------------------
0	00000000000000000000000000000000	0111010011011000011011010011011000010010000001001011001001000000	00000000000000000000000000000000	00000011100000100010100101010000	000000		1	0
1	00000000000000000000000000000001	0000000000000000000000000111010011011000000000011001010011001000	00000000000000000000000000000000	00000011100000100010100101010000	000000		1	0
2	00000000000000000000000000000010	0111001011000001001001011010011000000011010000000011001010011001	00000000000000000000000000000000	00000011100000100010100101010000	000000		1	0
3	00000000000000000000000000000011	0000000000000000000000000111010011001000000000011000010011001000	00000000000000000000000000000000	00000011100000100010100101010000	000000		1	0
4	00000000000000000000000000000100	0111000001011010011000000011011001010010011000000000010001000010	00000000000000000000000000000000	00000011100000100010100101010000	000000		1	0
5	00000000000000000000000000000101	0111001010011010011001000011010001000000000011001010011010010000	00000000000000000000000000000000	00000011100000100010100101010000	000000		1	0
6	00000000000000000000000000000110	0111000000010010001001011010011000010000001001010001000000010000	00000000000000000000000000000000	00000011100000100010100101010000	000000		1	0
7	00000000000000000000000000000111	0111011000010001010001001010010010010001001010010011011010011000	00000000000000000000000000000000	00000011100000100010100101010000	000000		1	0
8	00000000000000000000000000001000	0111010010000011001011001001010000001011001010001011001001011010	00000000000000000000000000000000	00000011100000100010100101010000	000000		1	0
9	00000000000000000000000000001001	0111010010001011010010010010010001001010011010011001000001011000	00000000000000000000000000000000	00000011100000100010100101010000	000000		1	0
10	00000000000000000000000000000000	0000000000000000000000000000000000000000000000000000000000000000	00000000000000000000000000000000	00000000000000000000000000000000	000000		1	1
11	00000000000000000000000000000000	0000000000000000000000000000000000000000000000000000000000000000	00000000000000000000000000000000	00000000000000000000000000000000	000000		1	1
12	00000000000000000000000000000000	0000000000000000000000000000000000000000000000000000000000000000	00000000000000000000000000000000	00000000000000000000000000000000	000000		1	1
13	00000000000000000000000000000000	0000000000000000000000000000000000000000000000000000000000000000	00000000000000000000000000000000	00000000000000000000000000000000	000000		1	1
14	00000000000000000000000000000000	0000000000000000000000000000000000000000000000000000000000000000	00000000000000000000000000000000	00000000000000000000000000000000	000000		1	1
15	00000000000000000000000000000000	0000000000000000000000000000000000000000000000000000000000000000	00000000000000000000000000000000	00000000000000000000000000000000	000000		1	1
16	00000000000000000000000000000000	0000000000000000000000000000000000000000000000000000000000000000	00000000000000000000000000000000	00000000000000000000000000000000	000000		0	1
17	00000000000000000000000000000000	0000000000000000000000000000000000000000000000000000000000000000	00000000000000000000000000000000	00000000000000000000000000000000	000000		0	1
18	00000000000000000000000000000000	0000000000000000000000000000000000000000000000000000000000000000	00000000000000000000000000000000	00000000000000000000000000000000	000000		0	1
19	00000000000000000000000000000000	0000000000000000000000000000000000000000000000000000000000000000	00000000000000000000000000000000	00000000000000000000000000000000	000000		0	1
20	00000000000000000000000000000000	0000000000000000000000000000000000000000000000000000000000000000	00000000000000000000000000000000	00000000000000000000000000000000	000000		0	1
21	00000000000000000000000000000000	0000000000000000000000000000000000000000000000000000000000000000	00000000000000000000000000000000	00000000000000000000000000000000	000000		0	1
22	00000000000000000000000000000000	0000000000000000000000000000000000000000000000000000000000000000	00000000000000000000000000000000	00000000000000000000000000000000	000000		0	1
23	00000000000000000000000000000000	0000000000000000000000000000000000000000000000000000000000000000	00000000000000000000000000000000	00000000000000000000000000000000	000000		0	1
24	00000000000000000000000000000000	0000000000000000000000000000000000000000000000000000000000000000	00000000000000000000000000000000	00000000000000000000000000000000	000000		0	1
25	00000000000000000000000000000000	0000000000000000000000000000000000000000000000000000000000000000	00000000000000000000000000000000	00000000000000000000000000000000	000000		0	1
26	00000000000000000000000000000000	0000000000000000000000000000000000000000000000000000000000000000	00000000000000000000000000000000	00000000000000000000000000000000	000000		0	1
27	00000000000000000000000000000000	0000000000000000000000000000000000000000000000000000000000000000	00000000000000000000000000000000	00000000000000000000000000000000	000000		0	1
28	00000000000000000000000000000000	0000000000000000000000000000000000000000000000000000000000000000	00000000000000000000000000000000	00000000000000000000000000000000	000000		0	1
29	00000000000000000000000000000000	0000000000000000000000000000000000000000000000000000000000000000	00000000000000000000000000000000	00000000000000000000000000000000	000000		0	1
30	00000000000000000000000000000000	0000000000000000000000000000000000000000000000000000000000000000	00000000000000000000000000000000	00000000000000000000000000000000	000000		0	1
31	00000000000000000000000000000000	0000000000000000000000000000000000000000000000000000000000000000	00000000000000000000000000000000	00000000000000000000000000000000	000000		0	1
in readAccess: 00000000000000000000000000001100
randomLatency: 60
read pending: 59
