0000000000000000000000101111101000000000000000000000001011111100
0000000000000000000000101011110100000000000000000000001010111101
0000000000000000000000010001110000000000000000000000000100011100
0000000000000000000001010100001000000000000000000000010101011010
0000000000000000000000001110111100000000000000000000000011101111
0000000000000000000000111101000000000000000000000000001111101011
0000000000000000000001010100001000000000000000000000010101011010
0000000000000000000000111010011000000000000000000000001110100110
0000000000000000000001000001011000000000000000000000010000010110
0000000000000000000001001101110000000000000000000000010011110111
0000000000000000000001010010111100000000000000000000010100101111
0000000000000000000001000011010000000000000000000000010001001110
0000000000000000000001001101110000000000000000000000010011110111
0000000000000000000001001101100100000000000000000000010011011001
0000000000000000000000101010110000000000000000000000001010101100
0000000000000000000001000001010000000000000000000000010000010100
0000000000000000000000100110011000000000000000000000001001100110
0000000000000000000001001000001100000000000000000000010010100100
0000000000000000000000001010101000000000000000000000000011001110
0000000000000000000000100001001100000000000000000000001000010100
0000000000000000000001000110111100000000000000000000010001110000
0000000000000000000000001000010100000000000000000000000010001000
0000000000000000000000100100111000000000000000000000001001010000
0000000000000000000001000111010000000000000000000000010001110101
0000000000000000000000001010101000000000000000000000000011001110
0000000000000000000000100010100000000000000000000000001001001101
0000000000000000000000000011010100000000000000000000000000110101
0000000000000000000000001010010000000000000000000000000010101000
0000000000000000000000100101001000000000000000000000001001010101
0000000000000000000000000000101000000000000000000000000000001100
0000000000000000000000101011011000000000000000000000001010110110
0000000000000000000000011100000100000000000000000000000111000001
0000000000000000000000101011011000000000000000000000001010110110
0000000000000000000001001101110000000000000000000000010011110111
0000000000000000000000110111001000000000000000000000001110001101
0000000000000000000001000011010000000000000000000000010001001110
0000000000000000000001001101110000000000000000000000010011110111
0000000000000000000000110111001000000000000000000000001110001101
0000000000000000000001010001101100000000000000000000010100011011
0000000000000000000000110010111000000000000000000000001100101110
0000000000000000000000001101100000000000000000000000000011011000
