Seed 				 Low	High	Index Positions
GGACAGGGGTAGGGCTAGGG 762	764		[560, 409]
TGAGGGCTTGGGCTAGGGTT 701	701		[]
AGGGTTAGGGTTAGGGGTGG 284	284		[]
TTAGGGTTAGGGTTAGGGTT 1346	1370		[453, 712, 863, 646, 797, 598, 1287, 447, 706, 857, 640, 791, 700, 851, 634, 785, 694, 845, 688, 839, 682, 833, 676, 827]
AGGGCTAGGGTTAGGGTTAG 239	239		[]
GGTTAGGGTTAGGGTTAGGG 976	1003		[801, 602, 1291, 451, 710, 861, 644, 795, 596, 1285, 445, 704, 855, 638, 789, 698, 849, 632, 783, 692, 843, 686, 837, 680, 831, 674, 825]
TTAGGGTTAGGGTTAGGGTT 1346	1370		[453, 712, 863, 646, 797, 598, 1287, 447, 706, 857, 640, 791, 700, 851, 634, 785, 694, 845, 688, 839, 682, 833, 676, 827]
AGGGTGAGGGGTAGGCCTAG 934	934		[]
GGCGAGGGTTAGGGTCAGGG 1046	1046		[]
TAGGGTTAGGGTTAGGGTTA 1244	1271		[864, 647, 798, 599, 1288, 448, 707, 858, 641, 792, 593, 1282, 442, 701, 852, 635, 786, 695, 846, 629, 780, 689, 840, 683, 834, 677, 828]
GGGTTAGGGTTAGGGCTAGG 1327	1327		[]
GTTAGGGTTAGGGTTAGGGT 1076	1102		[603, 1292, 452, 711, 862, 645, 796, 597, 1286, 446, 705, 856, 639, 790, 699, 850, 633, 784, 693, 844, 687, 838, 681, 832, 675, 826]
TAGGGTTAGGGTTAGGGTTA 1244	1271		[864, 647, 798, 599, 1288, 448, 707, 858, 641, 792, 593, 1282, 442, 701, 852, 635, 786, 695, 846, 629, 780, 689, 840, 683, 834, 677, 828]
GGGTTAGGGTTAGGGTGAGG 1241	1241		[]
GGTAGGCCTAGGGCGAGGGT 684	684		[]
TAGGGTCAGGGCTTGGTATA 1044	1044		[]
GCGTGAGGTAACCCTAACCC 614	614		[]
TAACCCTAACCCTAACCCTA 1155	1188		[260, 224, 58, 1114, 964, 254, 218, 52, 1108, 958, 248, 212, 46, 1102, 952, 206, 40, 1096, 946, 200, 34, 1090, 940, 194, 28, 1084, 934, 188, 22, 1078, 928, 182, 16]
ACCCTAACCCTAACCCTAAC 170	206		[1140, 990, 60, 1116, 966, 256, 220, 54, 1110, 960, 250, 214, 48, 1104, 954, 244, 208, 42, 1098, 948, 202, 36, 1092, 942, 196, 30, 1086, 936, 190, 24, 1080, 930, 184, 18, 178, 12]
CCTAACCCAAACCCTAACCC 531	532		[74]
TAACCCCAACCCTACCCCTA 1135	1136		[1018]
ACCCCAACCCAAACCCAACC 133	136		[114, 1170, 1020]
CCTAAGCAAAAACCTCACCC 590	592		[8, 2]
TAACCCCCACCCAAGCCCTA 1140	1141		[154]
ACCCTAACCCTAACCCTAAC 170	206		[1140, 990, 60, 1116, 966, 256, 220, 54, 1110, 960, 250, 214, 48, 1104, 954, 244, 208, 42, 1098, 948, 202, 36, 1092, 942, 196, 30, 1086, 936, 190, 24, 1080, 930, 184, 18, 178, 12]
CCTAACCCTAACCCTAACCC 552	589		[1142, 992, 62, 1118, 968, 258, 222, 56, 1112, 962, 252, 216, 50, 1106, 956, 246, 210, 44, 1100, 950, 204, 38, 1094, 944, 198, 32, 1088, 938, 192, 26, 1082, 932, 186, 20, 1076, 180, 14]
TAACCCTAACCCTAACCCAA 53	53		[]
ACCCTAACCCTAACCCCAAC 164	168		[66, 1122, 972, 262]
CCTACCCCTAACCCCAACCC 594	597		[1040, 1228, 104]
AAACCCAACCCCTAAGCAAA 10	12		[124, 1180]
AACCTCACCCTAACCCCCAC 694	694		[]
CCAAGCCCCCTAAGCAAAAA 449	449		[]
CCTCACCCTAACCCCCACCC 694	694		[]
TAGGGTTAGGGTTAGGGTTA 1244	1271		[864, 647, 798, 599, 1288, 448, 707, 858, 641, 792, 593, 1282, 442, 701, 852, 635, 786, 695, 846, 629, 780, 689, 840, 683, 834, 677, 828]
GGGTTAGGGTTAGGGTTAGG 882	909		[800, 601, 1290, 450, 709, 860, 643, 794, 595, 1284, 444, 703, 854, 637, 788, 697, 848, 631, 782, 691, 842, 685, 836, 679, 830, 673, 824]
GTTAGGGTTAGGGTTAGGGT 1076	1102		[603, 1292, 452, 711, 862, 645, 796, 597, 1286, 446, 705, 856, 639, 790, 699, 850, 633, 784, 693, 844, 687, 838, 681, 832, 675, 826]
TAGGGTTAGGGTTAGGGTTA 1244	1271		[864, 647, 798, 599, 1288, 448, 707, 858, 641, 792, 593, 1282, 442, 701, 852, 635, 786, 695, 846, 629, 780, 689, 840, 683, 834, 677, 828]
GGGTTAGGGTTAGGGTTAGG 882	909		[800, 601, 1290, 450, 709, 860, 643, 794, 595, 1284, 444, 703, 854, 637, 788, 697, 848, 631, 782, 691, 842, 685, 836, 679, 830, 673, 824]
GTTGGGGTAGGAGGCGTGCT 1307	1307		[]
AAGGGCAGGCACTGGGGCTG 814	814		[]
GGGTCGTACGC 216	216		[]
TAGGGTTAGGGTTAGGGTTA 1244	1271		[864, 647, 798, 599, 1288, 448, 707, 858, 641, 792, 593, 1282, 442, 701, 852, 635, 786, 695, 846, 629, 780, 689, 840, 683, 834, 677, 828]
GGGTTAGGGTTAGGGTGAGG 1241	1241		[]
CCCTACCCCTAACCCCAACC 523	526		[1039, 1227, 103]
CAAACCCAACCCCTAAGCAA 345	347		[123, 1179]
AAACCTCACCCTAACCCCCA 694	694		[]
CCCAAGCCCCCTAAGCAAAA 449	449		[]
ACCTCACCCTAACCCCCACC 694	694		[]
C 340	707		[140, 1196, 1046, 1234, 307, 123, 1179, 1029, 81, 1137, 987, 118, 1174, 1024, 129, 1185, 1035, 242, 100, 1156, 1006, 165, 1221, 1071, 305, 290, 292, 161, 1217, 1067, 1255, 149, 1205, 1055, 1243, 277, 294, 311, 755, 906, 563, 412, 122, 1178, 1028, 80, 1136, 986, 117, 1173, 1023, 128, 1184, 1034, 241, 99, 1155, 1005, 164, 1220, 1070, 304, 160, 1216, 1066, 1254, 276, 121, 1177, 1027, 79, 1135, 985, 116, 1172, 1022, 127, 1183, 1033, 240, 98, 1154, 1004, 163, 1219, 1069, 159, 1215, 1065, 1253, 275, 115, 1171, 1021, 239, 97, 1153, 1003, 158, 1214, 1064, 1252, 157, 1213, 1063, 1251, 169, 170, 171, 1225, 108, 1164, 1014, 172, 132, 1188, 1038, 1226, 281, 1257, 73, 1129, 979, 269, 109, 1165, 1015, 233, 91, 1147, 997, 151, 1207, 1057, 1245, 67, 1123, 973, 263, 227, 85, 1141, 991, 61, 1117, 967, 257, 221, 55, 1111, 961, 251, 215, 49, 1105, 955, 245, 209, 43, 1099, 949, 203, 37, 1093, 943, 197, 31, 1087, 937, 191, 25, 1081, 931, 185, 19, 1075, 179, 13, 173, 7, 1, 133, 1189, 1039, 1227, 103, 1159, 1009, 282, 1258, 317, 74, 1130, 980, 270, 110, 1166, 1016, 234, 92, 1148, 998, 152, 1208, 1058, 1246, 68, 1124, 974, 264, 228, 86, 1142, 992, 62, 1118, 968, 258, 222, 56, 1112, 962, 252, 216, 50, 1106, 956, 246, 210, 44, 1100, 950, 204, 38, 1094, 944, 198, 32, 1088, 938, 192, 26, 1082, 932, 186, 20, 1076, 180, 14, 174, 8, 2, 134, 1190, 1040, 1228, 104, 1160, 1010, 735, 886, 146, 1202, 1052, 1240, 300, 283, 314, 742, 893, 288, 1259, 318, 770, 921, 323, 75, 1131, 981, 271, 111, 1167, 1017, 235, 93, 1149, 999, 153, 1209, 1059, 1247, 69, 1125, 975, 265, 229, 87, 1143, 993, 63, 1119, 969, 259, 223, 57, 1113, 963, 253, 217, 51, 1107, 957, 247, 211, 45, 1101, 951, 205, 39, 1095, 945, 199, 33, 1089, 939, 193, 27, 1083, 933, 187, 21, 1077, 181, 15, 175, 9, 3, 135, 1191, 1041, 1229, 105, 1161, 1011, 736, 887, 574, 1263, 423, 592, 1281, 441, 664, 815, 147, 1203, 1053, 1241, 1389, 549, 398, 301, 586, 1275, 435, 760, 911]
GGACAGGGGTAGGGCTAGGG 762	764		[560, 409]
TGAGGGCTTGGGCTAGGGTT 701	701		[]
AGGGTTAGGGTTAGGGGTCA 855	855		[]
ACCCCTAAGCAAAAACCTCA 147	149		[131, 1187]
CCCTAACCCCCACCCAAGCC 469	472		[1147, 997, 151]
CTAACCCTAACCCTAACCCT 642	674		[259, 223, 57, 1113, 963, 253, 217, 51, 1107, 957, 247, 211, 45, 1101, 951, 205, 39, 1095, 945, 199, 33, 1089, 939, 193, 27, 1083, 933, 187, 21, 1077, 181, 15]
AACCCTAACCCTAACCCTAA 59	95		[1139, 989, 59, 1115, 965, 255, 219, 53, 1109, 959, 249, 213, 47, 1103, 953, 243, 207, 41, 1097, 947, 201, 35, 1091, 941, 195, 29, 1085, 935, 189, 23, 1079, 929, 183, 17, 177, 11]
CCC 407	528		[121, 1177, 1027, 79, 1135, 985, 116, 1172, 1022, 127, 1183, 1033, 240, 98, 1154, 1004, 163, 1219, 1069, 159, 1215, 1065, 1253, 275, 115, 1171, 1021, 239, 97, 1153, 1003, 158, 1214, 1064, 1252, 157, 1213, 1063, 1251, 169, 170, 171, 1225, 108, 1164, 1014, 172, 132, 1188, 1038, 1226, 281, 1257, 73, 1129, 979, 269, 109, 1165, 1015, 233, 91, 1147, 997, 151, 1207, 1057, 1245, 67, 1123, 973, 263, 227, 85, 1141, 991, 61, 1117, 967, 257, 221, 55, 1111, 961, 251, 215, 49, 1105, 955, 245, 209, 43, 1099, 949, 203, 37, 1093, 943, 197, 31, 1087, 937, 191, 25, 1081, 931, 185, 19, 1075, 179, 13, 173, 7, 1, 133, 1189, 1039, 1227, 103, 1159, 1009]
CCTAACCCAAACCCTAACCC 531	532		[74]
TAACCCCAACCCTACCCCTA 1135	1136		[1018]
ACCCCAACCCAAACCCAACC 133	136		[114, 1170, 1020]
CCTAAGCAAAAACCTCACCC 590	592		[8, 2]
TAACCCCCACCCAAGCCCTA 1140	1141		[154]
ACCCTAACCCTAACCCTAAC 170	206		[1140, 990, 60, 1116, 966, 256, 220, 54, 1110, 960, 250, 214, 48, 1104, 954, 244, 208, 42, 1098, 948, 202, 36, 1092, 942, 196, 30, 1086, 936, 190, 24, 1080, 930, 184, 18, 178, 12]
CCTAACCCTAACCCTAACCC 552	589		[1142, 992, 62, 1118, 968, 258, 222, 56, 1112, 962, 252, 216, 50, 1106, 956, 246, 210, 44, 1100, 950, 204, 38, 1094, 944, 198, 32, 1088, 938, 192, 26, 1082, 932, 186, 20, 1076, 180, 14]
TAACCCTAACCCTAACCCAA 53	53		[]
ACCCTAACCCTAACCCCAAC 164	168		[66, 1122, 972, 262]
CCTACCAAACCCAACCCCTA 120	120		[]
AGCAAAAACCTCACCCTAAC 219	221		[138, 1194]
CCCCACCCAAGCCCTAACCC 440	441		[1064]
TAACCCTAACCCTAACCCTA 1155	1188		[260, 224, 58, 1114, 964, 254, 218, 52, 1108, 958, 248, 212, 46, 1102, 952, 206, 40, 1096, 946, 200, 34, 1090, 940, 194, 28, 1084, 934, 188, 22, 1078, 928, 182, 16]
ACCCTAACCCTAACCC 162	206		[1056, 1244, 66, 1122, 972, 262, 226, 84, 1140, 990, 60, 1116, 966, 256, 220, 54, 1110, 960, 250, 214, 48, 1104, 954, 244, 208, 42, 1098, 948, 202, 36, 1092, 942, 196, 30, 1086, 936, 190, 24, 1080, 930, 184, 18, 178, 12]
