Config Directory: ../../config/sample/
IO Directory: ../../data/sample/
Parsing Config file: ../../config/sample/Model.cfg
line: SeedMemory{
Added child: SeedMemory
line: WordLength:64(bits)
Added parameter: SeedMemory WordLength 64
line: Addressibility:64(bits)
Added parameter: SeedMemory Addressibility 64
line: AddressLength:16(bits)
Added parameter: SeedMemory AddressLength 16
line: ChannelWidth:4(addresses)
Added parameter: SeedMemory ChannelWidth 4
line: LatencyMin:40(CPUCycles)
Added parameter: SeedMemory LatencyMin 40
line: LatencyMax:100(CPUCycles)
Added parameter: SeedMemory LatencyMax 100
line: }
line: OccMemory{
Added child: OccMemory
line: WordLength:64(bits)
Added parameter: OccMemory WordLength 64
line: Addressibility:64(bits)
Added parameter: OccMemory Addressibility 64
line: AddressLength:16(bits)
Added parameter: OccMemory AddressLength 16
line: ChannelWidth:4(addresses)
Added parameter: OccMemory ChannelWidth 4
line: LatencyMin:40(CPUCycles)
Added parameter: OccMemory LatencyMin 40
line: LatencyMax:100(CPUCycles)
Added parameter: OccMemory LatencyMax 100
line: }
line: SAIMemory{
Added child: SAIMemory
line: WordLength:64(bits)
Added parameter: SAIMemory WordLength 64
line: Addressibility:64(bits)
Added parameter: SAIMemory Addressibility 64
line: AddressLength:16(bits)
Added parameter: SAIMemory AddressLength 16
line: ChannelWidth:4(addresses)
Added parameter: SAIMemory ChannelWidth 4
line: LatencyMin:40(CPUCycles)
Added parameter: SAIMemory LatencyMin 40
line: LatencyMax:100(CPUCycles)
Added parameter: SAIMemory LatencyMax 100
line: }
line: Core{
Added child: Core
line: FetchUnit{
Added child: FetchUnit
line: FillIdxQ{
Added child: FillIdxQ
line: Size:8
Added parameter: FillIdxQ Size 8
line: }
line: SeedReservationStation{
Added child: SeedReservationStation
line: EntryCount:32
Added parameter: SeedReservationStation EntryCount 32
line: EntryBaseLength:64(bits)
Added parameter: SeedReservationStation EntryBaseLength 64
line: }
line: }
line: DispatchUnit{
Added child: DispatchUnit
line: DispatchScheme:0
Added parameter: DispatchUnit DispatchScheme 0
line: AQ{
Added child: AQ
line: Size:8
Added parameter: AQ Size 8
line: }
line: CQ{
Added child: CQ
line: Size:8
Added parameter: CQ Size 8
line: }
line: GQ{
Added child: GQ
line: Size:8
Added parameter: GQ Size 8
line: }
line: TQ{
Added child: TQ
line: Size:8
Added parameter: TQ Size 8
line: }
line: }
line: LoadUnitPipelineA{
Added child: LoadUnit
line: 
line: }
line: StoreBuffer{
Added child: StoreBuffer
line: EntryCount:32
Added parameter: StoreBuffer EntryCount 32
line: }
line: OccMemBuffer{
Added child: OccMemBuffer
line: LoadEntryCount:4
Added parameter: OccMemBuffer LoadEntryCount 4
line: PrefetchEntryCount:4
Added parameter: OccMemBuffer PrefetchEntryCount 4
line: }
line: ComputeBuffer{
Added child: ComputeBuffer
line: EntryCount:4
Added parameter: ComputeBuffer EntryCount 4
line: }
line: Prefetcher{
Added child: Prefetcher
line: SuffixDepth:5(basechars)
Added parameter: Prefetcher SuffixDepth 5
line: }
line: Cache{
Added child: Cache
line: Asssociativity:4(ways)
Added parameter: Cache Asssociativity 4
line: Tag:40(bits)
Added parameter: Cache Tag 40
line: Index:20(bits)
Added parameter: Cache Index 20
line: Offset:4(bits)
Added parameter: Cache Offset 4
line: }
line: }
File opened: ../../data/sample/SdMEM.mem
Unable to open input file for OcMEM
2
4
Read Pointer: 0
Write Pointer: 0
Count: 0
Full: 0
Empty: 1
4
Read Pointer: 0
Write Pointer: 0
Count: 0
Full: 0
Empty: 1
4
Read Pointer: 0
Write Pointer: 0
Count: 0
Full: 0
Empty: 1
4
Read Pointer: 0
Write Pointer: 0
Count: 0
Full: 0
Empty: 1
4
Read Pointer: 0
Write Pointer: 0
Count: 0
Full: 0
Empty: 1
3
===================================================================================================

New Cycle: 0
Dispatcher Unit: 0	-1
in readAccess: 00000000000000000000000000000000
randomLatency: 82
read pending: 81
===================================================================================================

New Cycle: 1
Dispatcher Unit: 1	-1
Fetch: 4
========================================================
Queue: Fetch_FillIdxQ	8
Idx	 Value
--------------------------------------------------------
0	000000
1	000001
2	000010
3	000011
4	000100
5	000000
6	000000
7	000000
Read Pointer: 0
Write Pointer: 5
Count: 5
Full: 0
Empty: 0
read pending: 80
===================================================================================================

New Cycle: 2
Dispatcher Unit: 2	-1
Fetch: 5
========================================================
Queue: Fetch_FillIdxQ	8
Idx	 Value
--------------------------------------------------------
0	000000
1	000001
2	000010
3	000011
4	000100
5	000101
6	000000
7	000000
Read Pointer: 0
Write Pointer: 6
Count: 6
Full: 0
Empty: 0
read pending: 79
===================================================================================================

New Cycle: 3
Dispatcher Unit: 3	-1
Fetch: 6
========================================================
Queue: Fetch_FillIdxQ	8
Idx	 Value
--------------------------------------------------------
0	000000
1	000001
2	000010
3	000011
4	000100
5	000101
6	000110
7	000000
Read Pointer: 0
Write Pointer: 7
Count: 7
Full: 0
Empty: 0
read pending: 78
===================================================================================================

New Cycle: 4
Dispatcher Unit: 4	-1
Fetch: 7
========================================================
Queue: Fetch_FillIdxQ	8
Idx	 Value
--------------------------------------------------------
0	000000
1	000001
2	000010
3	000011
4	000100
5	000101
6	000110
7	000111
Read Pointer: 0
Write Pointer: 0
Count: 8
Full: 1
Empty: 0
read pending: 77
===================================================================================================

New Cycle: 5
Dispatcher Unit: 5	-1
read pending: 76
===================================================================================================

New Cycle: 6
Dispatcher Unit: 6	-1
read pending: 75
===================================================================================================

New Cycle: 7
Dispatcher Unit: 7	-1
read pending: 74
===================================================================================================

New Cycle: 8
Dispatcher Unit: 8	-1
read pending: 73
===================================================================================================

New Cycle: 9
Dispatcher Unit: 9	-1
read pending: 72
===================================================================================================

New Cycle: 10
Dispatcher Unit: 10	-1
read pending: 71
===================================================================================================

New Cycle: 11
Dispatcher Unit: 11	-1
read pending: 70
===================================================================================================

New Cycle: 12
Dispatcher Unit: 12	-1
read pending: 69
===================================================================================================

New Cycle: 13
Dispatcher Unit: 13	-1
read pending: 68
===================================================================================================

New Cycle: 14
Dispatcher Unit: 14	-1
read pending: 67
===================================================================================================

New Cycle: 15
Dispatcher Unit: 15	-1
read pending: 66
===================================================================================================

New Cycle: 16
Dispatcher Unit: 16	-1
read pending: 65
===================================================================================================

New Cycle: 17
Dispatcher Unit: 17	-1
read pending: 64
===================================================================================================

New Cycle: 18
Dispatcher Unit: 18	-1
read pending: 63
===================================================================================================

New Cycle: 19
Dispatcher Unit: 19	-1
read pending: 62
===================================================================================================

New Cycle: 20
Dispatcher Unit: 20	-1
read pending: 61
===================================================================================================

New Cycle: 21
Dispatcher Unit: 21	-1
read pending: 60
===================================================================================================

New Cycle: 22
Dispatcher Unit: 22	-1
read pending: 59
===================================================================================================

New Cycle: 23
Dispatcher Unit: 23	-1
read pending: 58
===================================================================================================

New Cycle: 24
Dispatcher Unit: 24	-1
read pending: 57
===================================================================================================

New Cycle: 25
Dispatcher Unit: 25	-1
read pending: 56
===================================================================================================

New Cycle: 26
Dispatcher Unit: 26	-1
read pending: 55
===================================================================================================

New Cycle: 27
Dispatcher Unit: 27	-1
read pending: 54
===================================================================================================

New Cycle: 28
Dispatcher Unit: 28	-1
read pending: 53
===================================================================================================

New Cycle: 29
Dispatcher Unit: 29	-1
read pending: 52
===================================================================================================

New Cycle: 30
Dispatcher Unit: 30	-1
read pending: 51
===================================================================================================

New Cycle: 31
Dispatcher Unit: 31	-1
read pending: 50
===================================================================================================

New Cycle: 32
Dispatcher Unit: 32	-1
read pending: 49
===================================================================================================

New Cycle: 33
Dispatcher Unit: 33	-1
read pending: 48
===================================================================================================

New Cycle: 34
Dispatcher Unit: 34	-1
read pending: 47
===================================================================================================

New Cycle: 35
Dispatcher Unit: 35	-1
read pending: 46
===================================================================================================

New Cycle: 36
Dispatcher Unit: 36	-1
read pending: 45
===================================================================================================

New Cycle: 37
Dispatcher Unit: 37	-1
read pending: 44
===================================================================================================

New Cycle: 38
Dispatcher Unit: 38	-1
read pending: 43
===================================================================================================

New Cycle: 39
Dispatcher Unit: 39	-1
read pending: 42
===================================================================================================

New Cycle: 40
Dispatcher Unit: 40	-1
read pending: 41
===================================================================================================

New Cycle: 41
Dispatcher Unit: 41	-1
read pending: 40
===================================================================================================

New Cycle: 42
Dispatcher Unit: 42	-1
read pending: 39
===================================================================================================

New Cycle: 43
Dispatcher Unit: 43	-1
read pending: 38
===================================================================================================

New Cycle: 44
Dispatcher Unit: 44	-1
read pending: 37
===================================================================================================

New Cycle: 45
Dispatcher Unit: 45	-1
read pending: 36
===================================================================================================

New Cycle: 46
Dispatcher Unit: 46	-1
read pending: 35
===================================================================================================

New Cycle: 47
Dispatcher Unit: 47	-1
read pending: 34
===================================================================================================

New Cycle: 48
Dispatcher Unit: 48	-1
read pending: 33
===================================================================================================

New Cycle: 49
Dispatcher Unit: 49	-1
read pending: 32
===================================================================================================

New Cycle: 50
Dispatcher Unit: 50	-1
read pending: 31
===================================================================================================

New Cycle: 51
Dispatcher Unit: 51	-1
read pending: 30
===================================================================================================

New Cycle: 52
Dispatcher Unit: 52	-1
read pending: 29
===================================================================================================

New Cycle: 53
Dispatcher Unit: 53	-1
read pending: 28
===================================================================================================

New Cycle: 54
Dispatcher Unit: 54	-1
read pending: 27
===================================================================================================

New Cycle: 55
Dispatcher Unit: 55	-1
read pending: 26
===================================================================================================

New Cycle: 56
Dispatcher Unit: 56	-1
read pending: 25
===================================================================================================

New Cycle: 57
Dispatcher Unit: 57	-1
read pending: 24
===================================================================================================

New Cycle: 58
Dispatcher Unit: 58	-1
read pending: 23
===================================================================================================

New Cycle: 59
Dispatcher Unit: 59	-1
read pending: 22
===================================================================================================

New Cycle: 60
Dispatcher Unit: 60	-1
read pending: 21
===================================================================================================

New Cycle: 61
Dispatcher Unit: 61	-1
read pending: 20
===================================================================================================

New Cycle: 62
Dispatcher Unit: 62	-1
read pending: 19
===================================================================================================

New Cycle: 63
Dispatcher Unit: 63	-1
read pending: 18
===================================================================================================

New Cycle: 64
Dispatcher Unit: 64	-1
read pending: 17
===================================================================================================

New Cycle: 65
Dispatcher Unit: 65	-1
read pending: 16
===================================================================================================

New Cycle: 66
Dispatcher Unit: 66	-1
read pending: 15
===================================================================================================

New Cycle: 67
Dispatcher Unit: 67	-1
read pending: 14
===================================================================================================

New Cycle: 68
Dispatcher Unit: 68	-1
read pending: 13
===================================================================================================

New Cycle: 69
Dispatcher Unit: 69	-1
read pending: 12
===================================================================================================

New Cycle: 70
Dispatcher Unit: 70	-1
read pending: 11
===================================================================================================

New Cycle: 71
Dispatcher Unit: 71	-1
read pending: 10
===================================================================================================

New Cycle: 72
Dispatcher Unit: 72	-1
read pending: 9
===================================================================================================

New Cycle: 73
Dispatcher Unit: 73	-1
read pending: 8
===================================================================================================

New Cycle: 74
Dispatcher Unit: 74	-1
read pending: 7
===================================================================================================

New Cycle: 75
Dispatcher Unit: 75	-1
read pending: 6
===================================================================================================

New Cycle: 76
Dispatcher Unit: 76	-1
read pending: 5
===================================================================================================

New Cycle: 77
Dispatcher Unit: 77	-1
read pending: 4
===================================================================================================

New Cycle: 78
Dispatcher Unit: 78	-1
read pending: 3
===================================================================================================

New Cycle: 79
Dispatcher Unit: 79	-1
read pending: 2
===================================================================================================

New Cycle: 80
Dispatcher Unit: 80	-1
read pending: 1
===================================================================================================

New Cycle: 81
Dispatcher Unit: 81	-1
read pending: 0
reading done
===================================================================================================

New Cycle: 82
Dispatcher Unit: 82	-1
Fetch Halted: 
=================================================================================================================
Idx	 Seed Address				 Seed									 Low Pointer				 High Pointer				 Base Pointer	 Ready	 Valid
---------------------------------------------------------------------------------------------------------------------------------------------------------------------------------------------------------------------------------------------
0	00000000000000000000000000000000	0111010011011000011011010011011000010010000001001011001001000000	00000000000000000000000000000000	00000011100000100010100101010000	000000		1	0
1	00000000000000000000000000000000	0000000000000000000000000000000000000000000000000000000000000000	00000000000000000000000000000000	00000000000000000000000000000000	000000		0	1
2	00000000000000000000000000000000	0000000000000000000000000000000000000000000000000000000000000000	00000000000000000000000000000000	00000000000000000000000000000000	000000		1	1
3	00000000000000000000000000000000	0000000000000000000000000000000000000000000000000000000000000000	00000000000000000000000000000000	00000000000000000000000000000000	000000		1	1
4	00000000000000000000000000000000	0000000000000000000000000000000000000000000000000000000000000000	00000000000000000000000000000000	00000000000000000000000000000000	000000		1	1
5	00000000000000000000000000000000	0000000000000000000000000000000000000000000000000000000000000000	00000000000000000000000000000000	00000000000000000000000000000000	000000		1	1
6	00000000000000000000000000000000	0000000000000000000000000000000000000000000000000000000000000000	00000000000000000000000000000000	00000000000000000000000000000000	000000		1	1
7	00000000000000000000000000000000	0000000000000000000000000000000000000000000000000000000000000000	00000000000000000000000000000000	00000000000000000000000000000000	000000		1	1
8	00000000000000000000000000000000	0000000000000000000000000000000000000000000000000000000000000000	00000000000000000000000000000000	00000000000000000000000000000000	000000		0	1
9	00000000000000000000000000000000	0000000000000000000000000000000000000000000000000000000000000000	00000000000000000000000000000000	00000000000000000000000000000000	000000		0	1
10	00000000000000000000000000000000	0000000000000000000000000000000000000000000000000000000000000000	00000000000000000000000000000000	00000000000000000000000000000000	000000		0	1
11	00000000000000000000000000000000	0000000000000000000000000000000000000000000000000000000000000000	00000000000000000000000000000000	00000000000000000000000000000000	000000		0	1
12	00000000000000000000000000000000	0000000000000000000000000000000000000000000000000000000000000000	00000000000000000000000000000000	00000000000000000000000000000000	000000		0	1
13	00000000000000000000000000000000	0000000000000000000000000000000000000000000000000000000000000000	00000000000000000000000000000000	00000000000000000000000000000000	000000		0	1
14	00000000000000000000000000000000	0000000000000000000000000000000000000000000000000000000000000000	00000000000000000000000000000000	00000000000000000000000000000000	000000		0	1
15	00000000000000000000000000000000	0000000000000000000000000000000000000000000000000000000000000000	00000000000000000000000000000000	00000000000000000000000000000000	000000		0	1
16	00000000000000000000000000000000	0000000000000000000000000000000000000000000000000000000000000000	00000000000000000000000000000000	00000000000000000000000000000000	000000		0	1
17	00000000000000000000000000000000	0000000000000000000000000000000000000000000000000000000000000000	00000000000000000000000000000000	00000000000000000000000000000000	000000		0	1
18	00000000000000000000000000000000	0000000000000000000000000000000000000000000000000000000000000000	00000000000000000000000000000000	00000000000000000000000000000000	000000		0	1
19	00000000000000000000000000000000	0000000000000000000000000000000000000000000000000000000000000000	00000000000000000000000000000000	00000000000000000000000000000000	000000		0	1
20	00000000000000000000000000000000	0000000000000000000000000000000000000000000000000000000000000000	00000000000000000000000000000000	00000000000000000000000000000000	000000		0	1
21	00000000000000000000000000000000	0000000000000000000000000000000000000000000000000000000000000000	00000000000000000000000000000000	00000000000000000000000000000000	000000		0	1
22	00000000000000000000000000000000	0000000000000000000000000000000000000000000000000000000000000000	00000000000000000000000000000000	00000000000000000000000000000000	000000		0	1
23	00000000000000000000000000000000	0000000000000000000000000000000000000000000000000000000000000000	00000000000000000000000000000000	00000000000000000000000000000000	000000		0	1
24	00000000000000000000000000000000	0000000000000000000000000000000000000000000000000000000000000000	00000000000000000000000000000000	00000000000000000000000000000000	000000		0	1
25	00000000000000000000000000000000	0000000000000000000000000000000000000000000000000000000000000000	00000000000000000000000000000000	00000000000000000000000000000000	000000		0	1
26	00000000000000000000000000000000	0000000000000000000000000000000000000000000000000000000000000000	00000000000000000000000000000000	00000000000000000000000000000000	000000		0	1
27	00000000000000000000000000000000	0000000000000000000000000000000000000000000000000000000000000000	00000000000000000000000000000000	00000000000000000000000000000000	000000		0	1
28	00000000000000000000000000000000	0000000000000000000000000000000000000000000000000000000000000000	00000000000000000000000000000000	00000000000000000000000000000000	000000		0	1
29	00000000000000000000000000000000	0000000000000000000000000000000000000000000000000000000000000000	00000000000000000000000000000000	00000000000000000000000000000000	000000		0	1
30	00000000000000000000000000000000	0000000000000000000000000000000000000000000000000000000000000000	00000000000000000000000000000000	00000000000000000000000000000000	000000		0	1
31	00000000000000000000000000000000	0000000000000000000000000000000000000000000000000000000000000000	00000000000000000000000000000000	00000000000000000000000000000000	000000		0	1
Fetch Halted: 
=================================================================================================================
Idx	 Seed Address				 Seed									 Low Pointer				 High Pointer				 Base Pointer	 Ready	 Valid
---------------------------------------------------------------------------------------------------------------------------------------------------------------------------------------------------------------------------------------------
0	00000000000000000000000000000000	0111010011011000011011010011011000010010000001001011001001000000	00000000000000000000000000000000	00000011100000100010100101010000	000000		1	0
1	00000000000000000000000000000000	0000000000000000000000000000000000000000000000000000000000000000	00000000000000000000000000000000	00000000000000000000000000000000	000000		0	1
2	00000000000000000000000000000000	0000000000000000000000000000000000000000000000000000000000000000	00000000000000000000000000000000	00000000000000000000000000000000	000000		0	1
3	00000000000000000000000000000000	0000000000000000000000000000000000000000000000000000000000000000	00000000000000000000000000000000	00000000000000000000000000000000	000000		1	1
4	00000000000000000000000000000000	0000000000000000000000000000000000000000000000000000000000000000	00000000000000000000000000000000	00000000000000000000000000000000	000000		1	1
5	00000000000000000000000000000000	0000000000000000000000000000000000000000000000000000000000000000	00000000000000000000000000000000	00000000000000000000000000000000	000000		1	1
6	00000000000000000000000000000000	0000000000000000000000000000000000000000000000000000000000000000	00000000000000000000000000000000	00000000000000000000000000000000	000000		1	1
7	00000000000000000000000000000000	0000000000000000000000000000000000000000000000000000000000000000	00000000000000000000000000000000	00000000000000000000000000000000	000000		1	1
8	00000000000000000000000000000000	0000000000000000000000000000000000000000000000000000000000000000	00000000000000000000000000000000	00000000000000000000000000000000	000000		0	1
9	00000000000000000000000000000000	0000000000000000000000000000000000000000000000000000000000000000	00000000000000000000000000000000	00000000000000000000000000000000	000000		0	1
10	00000000000000000000000000000000	0000000000000000000000000000000000000000000000000000000000000000	00000000000000000000000000000000	00000000000000000000000000000000	000000		0	1
11	00000000000000000000000000000000	0000000000000000000000000000000000000000000000000000000000000000	00000000000000000000000000000000	00000000000000000000000000000000	000000		0	1
12	00000000000000000000000000000000	0000000000000000000000000000000000000000000000000000000000000000	00000000000000000000000000000000	00000000000000000000000000000000	000000		0	1
13	00000000000000000000000000000000	0000000000000000000000000000000000000000000000000000000000000000	00000000000000000000000000000000	00000000000000000000000000000000	000000		0	1
14	00000000000000000000000000000000	0000000000000000000000000000000000000000000000000000000000000000	00000000000000000000000000000000	00000000000000000000000000000000	000000		0	1
15	00000000000000000000000000000000	0000000000000000000000000000000000000000000000000000000000000000	00000000000000000000000000000000	00000000000000000000000000000000	000000		0	1
16	00000000000000000000000000000000	0000000000000000000000000000000000000000000000000000000000000000	00000000000000000000000000000000	00000000000000000000000000000000	000000		0	1
17	00000000000000000000000000000000	0000000000000000000000000000000000000000000000000000000000000000	00000000000000000000000000000000	00000000000000000000000000000000	000000		0	1
18	00000000000000000000000000000000	0000000000000000000000000000000000000000000000000000000000000000	00000000000000000000000000000000	00000000000000000000000000000000	000000		0	1
19	00000000000000000000000000000000	0000000000000000000000000000000000000000000000000000000000000000	00000000000000000000000000000000	00000000000000000000000000000000	000000		0	1
20	00000000000000000000000000000000	0000000000000000000000000000000000000000000000000000000000000000	00000000000000000000000000000000	00000000000000000000000000000000	000000		0	1
21	00000000000000000000000000000000	0000000000000000000000000000000000000000000000000000000000000000	00000000000000000000000000000000	00000000000000000000000000000000	000000		0	1
22	00000000000000000000000000000000	0000000000000000000000000000000000000000000000000000000000000000	00000000000000000000000000000000	00000000000000000000000000000000	000000		0	1
23	00000000000000000000000000000000	0000000000000000000000000000000000000000000000000000000000000000	00000000000000000000000000000000	00000000000000000000000000000000	000000		0	1
24	00000000000000000000000000000000	0000000000000000000000000000000000000000000000000000000000000000	00000000000000000000000000000000	00000000000000000000000000000000	000000		0	1
25	00000000000000000000000000000000	0000000000000000000000000000000000000000000000000000000000000000	00000000000000000000000000000000	00000000000000000000000000000000	000000		0	1
26	00000000000000000000000000000000	0000000000000000000000000000000000000000000000000000000000000000	00000000000000000000000000000000	00000000000000000000000000000000	000000		0	1
27	00000000000000000000000000000000	0000000000000000000000000000000000000000000000000000000000000000	00000000000000000000000000000000	00000000000000000000000000000000	000000		0	1
28	00000000000000000000000000000000	0000000000000000000000000000000000000000000000000000000000000000	00000000000000000000000000000000	00000000000000000000000000000000	000000		0	1
29	00000000000000000000000000000000	0000000000000000000000000000000000000000000000000000000000000000	00000000000000000000000000000000	00000000000000000000000000000000	000000		0	1
30	00000000000000000000000000000000	0000000000000000000000000000000000000000000000000000000000000000	00000000000000000000000000000000	00000000000000000000000000000000	000000		0	1
31	00000000000000000000000000000000	0000000000000000000000000000000000000000000000000000000000000000	00000000000000000000000000000000	00000000000000000000000000000000	000000		0	1
Fetch Halted: 
=================================================================================================================
Idx	 Seed Address				 Seed									 Low Pointer				 High Pointer				 Base Pointer	 Ready	 Valid
---------------------------------------------------------------------------------------------------------------------------------------------------------------------------------------------------------------------------------------------
0	00000000000000000000000000000000	0111010011011000011011010011011000010010000001001011001001000000	00000000000000000000000000000000	00000011100000100010100101010000	000000		1	0
1	00000000000000000000000000000000	0000000000000000000000000000000000000000000000000000000000000000	00000000000000000000000000000000	00000000000000000000000000000000	000000		0	1
2	00000000000000000000000000000000	0000000000000000000000000000000000000000000000000000000000000000	00000000000000000000000000000000	00000000000000000000000000000000	000000		0	1
3	00000000000000000000000000000000	0000000000000000000000000000000000000000000000000000000000000000	00000000000000000000000000000000	00000000000000000000000000000000	000000		0	1
4	00000000000000000000000000000000	0000000000000000000000000000000000000000000000000000000000000000	00000000000000000000000000000000	00000000000000000000000000000000	000000		1	1
5	00000000000000000000000000000000	0000000000000000000000000000000000000000000000000000000000000000	00000000000000000000000000000000	00000000000000000000000000000000	000000		1	1
6	00000000000000000000000000000000	0000000000000000000000000000000000000000000000000000000000000000	00000000000000000000000000000000	00000000000000000000000000000000	000000		1	1
7	00000000000000000000000000000000	0000000000000000000000000000000000000000000000000000000000000000	00000000000000000000000000000000	00000000000000000000000000000000	000000		1	1
8	00000000000000000000000000000000	0000000000000000000000000000000000000000000000000000000000000000	00000000000000000000000000000000	00000000000000000000000000000000	000000		0	1
9	00000000000000000000000000000000	0000000000000000000000000000000000000000000000000000000000000000	00000000000000000000000000000000	00000000000000000000000000000000	000000		0	1
10	00000000000000000000000000000000	0000000000000000000000000000000000000000000000000000000000000000	00000000000000000000000000000000	00000000000000000000000000000000	000000		0	1
11	00000000000000000000000000000000	0000000000000000000000000000000000000000000000000000000000000000	00000000000000000000000000000000	00000000000000000000000000000000	000000		0	1
12	00000000000000000000000000000000	0000000000000000000000000000000000000000000000000000000000000000	00000000000000000000000000000000	00000000000000000000000000000000	000000		0	1
13	00000000000000000000000000000000	0000000000000000000000000000000000000000000000000000000000000000	00000000000000000000000000000000	00000000000000000000000000000000	000000		0	1
14	00000000000000000000000000000000	0000000000000000000000000000000000000000000000000000000000000000	00000000000000000000000000000000	00000000000000000000000000000000	000000		0	1
15	00000000000000000000000000000000	0000000000000000000000000000000000000000000000000000000000000000	00000000000000000000000000000000	00000000000000000000000000000000	000000		0	1
16	00000000000000000000000000000000	0000000000000000000000000000000000000000000000000000000000000000	00000000000000000000000000000000	00000000000000000000000000000000	000000		0	1
17	00000000000000000000000000000000	0000000000000000000000000000000000000000000000000000000000000000	00000000000000000000000000000000	00000000000000000000000000000000	000000		0	1
18	00000000000000000000000000000000	0000000000000000000000000000000000000000000000000000000000000000	00000000000000000000000000000000	00000000000000000000000000000000	000000		0	1
19	00000000000000000000000000000000	0000000000000000000000000000000000000000000000000000000000000000	00000000000000000000000000000000	00000000000000000000000000000000	000000		0	1
20	00000000000000000000000000000000	0000000000000000000000000000000000000000000000000000000000000000	00000000000000000000000000000000	00000000000000000000000000000000	000000		0	1
21	00000000000000000000000000000000	0000000000000000000000000000000000000000000000000000000000000000	00000000000000000000000000000000	00000000000000000000000000000000	000000		0	1
22	00000000000000000000000000000000	0000000000000000000000000000000000000000000000000000000000000000	00000000000000000000000000000000	00000000000000000000000000000000	000000		0	1
23	00000000000000000000000000000000	0000000000000000000000000000000000000000000000000000000000000000	00000000000000000000000000000000	00000000000000000000000000000000	000000		0	1
24	00000000000000000000000000000000	0000000000000000000000000000000000000000000000000000000000000000	00000000000000000000000000000000	00000000000000000000000000000000	000000		0	1
25	00000000000000000000000000000000	0000000000000000000000000000000000000000000000000000000000000000	00000000000000000000000000000000	00000000000000000000000000000000	000000		0	1
26	00000000000000000000000000000000	0000000000000000000000000000000000000000000000000000000000000000	00000000000000000000000000000000	00000000000000000000000000000000	000000		0	1
27	00000000000000000000000000000000	0000000000000000000000000000000000000000000000000000000000000000	00000000000000000000000000000000	00000000000000000000000000000000	000000		0	1
28	00000000000000000000000000000000	0000000000000000000000000000000000000000000000000000000000000000	00000000000000000000000000000000	00000000000000000000000000000000	000000		0	1
29	00000000000000000000000000000000	0000000000000000000000000000000000000000000000000000000000000000	00000000000000000000000000000000	00000000000000000000000000000000	000000		0	1
30	00000000000000000000000000000000	0000000000000000000000000000000000000000000000000000000000000000	00000000000000000000000000000000	00000000000000000000000000000000	000000		0	1
31	00000000000000000000000000000000	0000000000000000000000000000000000000000000000000000000000000000	00000000000000000000000000000000	00000000000000000000000000000000	000000		0	1
Fetch Halted: 
=================================================================================================================
Idx	 Seed Address				 Seed									 Low Pointer				 High Pointer				 Base Pointer	 Ready	 Valid
---------------------------------------------------------------------------------------------------------------------------------------------------------------------------------------------------------------------------------------------
0	00000000000000000000000000000000	0111010011011000011011010011011000010010000001001011001001000000	00000000000000000000000000000000	00000011100000100010100101010000	000000		1	0
1	00000000000000000000000000000000	0000000000000000000000000000000000000000000000000000000000000000	00000000000000000000000000000000	00000000000000000000000000000000	000000		0	1
2	00000000000000000000000000000000	0000000000000000000000000000000000000000000000000000000000000000	00000000000000000000000000000000	00000000000000000000000000000000	000000		0	1
3	00000000000000000000000000000000	0000000000000000000000000000000000000000000000000000000000000000	00000000000000000000000000000000	00000000000000000000000000000000	000000		0	1
4	00000000000000000000000000000000	0000000000000000000000000000000000000000000000000000000000000000	00000000000000000000000000000000	00000000000000000000000000000000	000000		0	1
5	00000000000000000000000000000000	0000000000000000000000000000000000000000000000000000000000000000	00000000000000000000000000000000	00000000000000000000000000000000	000000		1	1
6	00000000000000000000000000000000	0000000000000000000000000000000000000000000000000000000000000000	00000000000000000000000000000000	00000000000000000000000000000000	000000		1	1
7	00000000000000000000000000000000	0000000000000000000000000000000000000000000000000000000000000000	00000000000000000000000000000000	00000000000000000000000000000000	000000		1	1
8	00000000000000000000000000000000	0000000000000000000000000000000000000000000000000000000000000000	00000000000000000000000000000000	00000000000000000000000000000000	000000		0	1
9	00000000000000000000000000000000	0000000000000000000000000000000000000000000000000000000000000000	00000000000000000000000000000000	00000000000000000000000000000000	000000		0	1
10	00000000000000000000000000000000	0000000000000000000000000000000000000000000000000000000000000000	00000000000000000000000000000000	00000000000000000000000000000000	000000		0	1
11	00000000000000000000000000000000	0000000000000000000000000000000000000000000000000000000000000000	00000000000000000000000000000000	00000000000000000000000000000000	000000		0	1
12	00000000000000000000000000000000	0000000000000000000000000000000000000000000000000000000000000000	00000000000000000000000000000000	00000000000000000000000000000000	000000		0	1
13	00000000000000000000000000000000	0000000000000000000000000000000000000000000000000000000000000000	00000000000000000000000000000000	00000000000000000000000000000000	000000		0	1
14	00000000000000000000000000000000	0000000000000000000000000000000000000000000000000000000000000000	00000000000000000000000000000000	00000000000000000000000000000000	000000		0	1
15	00000000000000000000000000000000	0000000000000000000000000000000000000000000000000000000000000000	00000000000000000000000000000000	00000000000000000000000000000000	000000		0	1
16	00000000000000000000000000000000	0000000000000000000000000000000000000000000000000000000000000000	00000000000000000000000000000000	00000000000000000000000000000000	000000		0	1
17	00000000000000000000000000000000	0000000000000000000000000000000000000000000000000000000000000000	00000000000000000000000000000000	00000000000000000000000000000000	000000		0	1
18	00000000000000000000000000000000	0000000000000000000000000000000000000000000000000000000000000000	00000000000000000000000000000000	00000000000000000000000000000000	000000		0	1
19	00000000000000000000000000000000	0000000000000000000000000000000000000000000000000000000000000000	00000000000000000000000000000000	00000000000000000000000000000000	000000		0	1
20	00000000000000000000000000000000	0000000000000000000000000000000000000000000000000000000000000000	00000000000000000000000000000000	00000000000000000000000000000000	000000		0	1
21	00000000000000000000000000000000	0000000000000000000000000000000000000000000000000000000000000000	00000000000000000000000000000000	00000000000000000000000000000000	000000		0	1
22	00000000000000000000000000000000	0000000000000000000000000000000000000000000000000000000000000000	00000000000000000000000000000000	00000000000000000000000000000000	000000		0	1
23	00000000000000000000000000000000	0000000000000000000000000000000000000000000000000000000000000000	00000000000000000000000000000000	00000000000000000000000000000000	000000		0	1
24	00000000000000000000000000000000	0000000000000000000000000000000000000000000000000000000000000000	00000000000000000000000000000000	00000000000000000000000000000000	000000		0	1
25	00000000000000000000000000000000	0000000000000000000000000000000000000000000000000000000000000000	00000000000000000000000000000000	00000000000000000000000000000000	000000		0	1
26	00000000000000000000000000000000	0000000000000000000000000000000000000000000000000000000000000000	00000000000000000000000000000000	00000000000000000000000000000000	000000		0	1
27	00000000000000000000000000000000	0000000000000000000000000000000000000000000000000000000000000000	00000000000000000000000000000000	00000000000000000000000000000000	000000		0	1
28	00000000000000000000000000000000	0000000000000000000000000000000000000000000000000000000000000000	00000000000000000000000000000000	00000000000000000000000000000000	000000		0	1
29	00000000000000000000000000000000	0000000000000000000000000000000000000000000000000000000000000000	00000000000000000000000000000000	00000000000000000000000000000000	000000		0	1
30	00000000000000000000000000000000	0000000000000000000000000000000000000000000000000000000000000000	00000000000000000000000000000000	00000000000000000000000000000000	000000		0	1
31	00000000000000000000000000000000	0000000000000000000000000000000000000000000000000000000000000000	00000000000000000000000000000000	00000000000000000000000000000000	000000		0	1
Fetch Halted: 
=================================================================================================================
Idx	 Seed Address				 Seed									 Low Pointer				 High Pointer				 Base Pointer	 Ready	 Valid
---------------------------------------------------------------------------------------------------------------------------------------------------------------------------------------------------------------------------------------------
0	00000000000000000000000000000000	0111010011011000011011010011011000010010000001001011001001000000	00000000000000000000000000000000	00000011100000100010100101010000	000000		1	0
1	00000000000000000000000000000000	0000000000000000000000000000000000000000000000000000000000000000	00000000000000000000000000000000	00000000000000000000000000000000	000000		0	1
2	00000000000000000000000000000000	0000000000000000000000000000000000000000000000000000000000000000	00000000000000000000000000000000	00000000000000000000000000000000	000000		0	1
3	00000000000000000000000000000000	0000000000000000000000000000000000000000000000000000000000000000	00000000000000000000000000000000	00000000000000000000000000000000	000000		0	1
4	00000000000000000000000000000000	0000000000000000000000000000000000000000000000000000000000000000	00000000000000000000000000000000	00000000000000000000000000000000	000000		0	1
5	00000000000000000000000000000000	0000000000000000000000000000000000000000000000000000000000000000	00000000000000000000000000000000	00000000000000000000000000000000	000000		0	1
6	00000000000000000000000000000000	0000000000000000000000000000000000000000000000000000000000000000	00000000000000000000000000000000	00000000000000000000000000000000	000000		1	1
7	00000000000000000000000000000000	0000000000000000000000000000000000000000000000000000000000000000	00000000000000000000000000000000	00000000000000000000000000000000	000000		1	1
8	00000000000000000000000000000000	0000000000000000000000000000000000000000000000000000000000000000	00000000000000000000000000000000	00000000000000000000000000000000	000000		0	1
9	00000000000000000000000000000000	0000000000000000000000000000000000000000000000000000000000000000	00000000000000000000000000000000	00000000000000000000000000000000	000000		0	1
10	00000000000000000000000000000000	0000000000000000000000000000000000000000000000000000000000000000	00000000000000000000000000000000	00000000000000000000000000000000	000000		0	1
11	00000000000000000000000000000000	0000000000000000000000000000000000000000000000000000000000000000	00000000000000000000000000000000	00000000000000000000000000000000	000000		0	1
12	00000000000000000000000000000000	0000000000000000000000000000000000000000000000000000000000000000	00000000000000000000000000000000	00000000000000000000000000000000	000000		0	1
13	00000000000000000000000000000000	0000000000000000000000000000000000000000000000000000000000000000	00000000000000000000000000000000	00000000000000000000000000000000	000000		0	1
14	00000000000000000000000000000000	0000000000000000000000000000000000000000000000000000000000000000	00000000000000000000000000000000	00000000000000000000000000000000	000000		0	1
15	00000000000000000000000000000000	0000000000000000000000000000000000000000000000000000000000000000	00000000000000000000000000000000	00000000000000000000000000000000	000000		0	1
16	00000000000000000000000000000000	0000000000000000000000000000000000000000000000000000000000000000	00000000000000000000000000000000	00000000000000000000000000000000	000000		0	1
17	00000000000000000000000000000000	0000000000000000000000000000000000000000000000000000000000000000	00000000000000000000000000000000	00000000000000000000000000000000	000000		0	1
18	00000000000000000000000000000000	0000000000000000000000000000000000000000000000000000000000000000	00000000000000000000000000000000	00000000000000000000000000000000	000000		0	1
19	00000000000000000000000000000000	0000000000000000000000000000000000000000000000000000000000000000	00000000000000000000000000000000	00000000000000000000000000000000	000000		0	1
20	00000000000000000000000000000000	0000000000000000000000000000000000000000000000000000000000000000	00000000000000000000000000000000	00000000000000000000000000000000	000000		0	1
21	00000000000000000000000000000000	0000000000000000000000000000000000000000000000000000000000000000	00000000000000000000000000000000	00000000000000000000000000000000	000000		0	1
22	00000000000000000000000000000000	0000000000000000000000000000000000000000000000000000000000000000	00000000000000000000000000000000	00000000000000000000000000000000	000000		0	1
23	00000000000000000000000000000000	0000000000000000000000000000000000000000000000000000000000000000	00000000000000000000000000000000	00000000000000000000000000000000	000000		0	1
24	00000000000000000000000000000000	0000000000000000000000000000000000000000000000000000000000000000	00000000000000000000000000000000	00000000000000000000000000000000	000000		0	1
25	00000000000000000000000000000000	0000000000000000000000000000000000000000000000000000000000000000	00000000000000000000000000000000	00000000000000000000000000000000	000000		0	1
26	00000000000000000000000000000000	0000000000000000000000000000000000000000000000000000000000000000	00000000000000000000000000000000	00000000000000000000000000000000	000000		0	1
27	00000000000000000000000000000000	0000000000000000000000000000000000000000000000000000000000000000	00000000000000000000000000000000	00000000000000000000000000000000	000000		0	1
28	00000000000000000000000000000000	0000000000000000000000000000000000000000000000000000000000000000	00000000000000000000000000000000	00000000000000000000000000000000	000000		0	1
29	00000000000000000000000000000000	0000000000000000000000000000000000000000000000000000000000000000	00000000000000000000000000000000	00000000000000000000000000000000	000000		0	1
30	00000000000000000000000000000000	0000000000000000000000000000000000000000000000000000000000000000	00000000000000000000000000000000	00000000000000000000000000000000	000000		0	1
31	00000000000000000000000000000000	0000000000000000000000000000000000000000000000000000000000000000	00000000000000000000000000000000	00000000000000000000000000000000	000000		0	1
Fetch Halted: 
=================================================================================================================
Idx	 Seed Address				 Seed									 Low Pointer				 High Pointer				 Base Pointer	 Ready	 Valid
---------------------------------------------------------------------------------------------------------------------------------------------------------------------------------------------------------------------------------------------
0	00000000000000000000000000000000	0111010011011000011011010011011000010010000001001011001001000000	00000000000000000000000000000000	00000011100000100010100101010000	000000		1	0
1	00000000000000000000000000000000	0000000000000000000000000000000000000000000000000000000000000000	00000000000000000000000000000000	00000000000000000000000000000000	000000		0	1
2	00000000000000000000000000000000	0000000000000000000000000000000000000000000000000000000000000000	00000000000000000000000000000000	00000000000000000000000000000000	000000		0	1
3	00000000000000000000000000000000	0000000000000000000000000000000000000000000000000000000000000000	00000000000000000000000000000000	00000000000000000000000000000000	000000		0	1
4	00000000000000000000000000000000	0000000000000000000000000000000000000000000000000000000000000000	00000000000000000000000000000000	00000000000000000000000000000000	000000		0	1
5	00000000000000000000000000000000	0000000000000000000000000000000000000000000000000000000000000000	00000000000000000000000000000000	00000000000000000000000000000000	000000		0	1
6	00000000000000000000000000000000	0000000000000000000000000000000000000000000000000000000000000000	00000000000000000000000000000000	00000000000000000000000000000000	000000		0	1
7	00000000000000000000000000000000	0000000000000000000000000000000000000000000000000000000000000000	00000000000000000000000000000000	00000000000000000000000000000000	000000		1	1
8	00000000000000000000000000000000	0000000000000000000000000000000000000000000000000000000000000000	00000000000000000000000000000000	00000000000000000000000000000000	000000		0	1
9	00000000000000000000000000000000	0000000000000000000000000000000000000000000000000000000000000000	00000000000000000000000000000000	00000000000000000000000000000000	000000		0	1
10	00000000000000000000000000000000	0000000000000000000000000000000000000000000000000000000000000000	00000000000000000000000000000000	00000000000000000000000000000000	000000		0	1
11	00000000000000000000000000000000	0000000000000000000000000000000000000000000000000000000000000000	00000000000000000000000000000000	00000000000000000000000000000000	000000		0	1
12	00000000000000000000000000000000	0000000000000000000000000000000000000000000000000000000000000000	00000000000000000000000000000000	00000000000000000000000000000000	000000		0	1
13	00000000000000000000000000000000	0000000000000000000000000000000000000000000000000000000000000000	00000000000000000000000000000000	00000000000000000000000000000000	000000		0	1
14	00000000000000000000000000000000	0000000000000000000000000000000000000000000000000000000000000000	00000000000000000000000000000000	00000000000000000000000000000000	000000		0	1
15	00000000000000000000000000000000	0000000000000000000000000000000000000000000000000000000000000000	00000000000000000000000000000000	00000000000000000000000000000000	000000		0	1
16	00000000000000000000000000000000	0000000000000000000000000000000000000000000000000000000000000000	00000000000000000000000000000000	00000000000000000000000000000000	000000		0	1
17	00000000000000000000000000000000	0000000000000000000000000000000000000000000000000000000000000000	00000000000000000000000000000000	00000000000000000000000000000000	000000		0	1
18	00000000000000000000000000000000	0000000000000000000000000000000000000000000000000000000000000000	00000000000000000000000000000000	00000000000000000000000000000000	000000		0	1
19	00000000000000000000000000000000	0000000000000000000000000000000000000000000000000000000000000000	00000000000000000000000000000000	00000000000000000000000000000000	000000		0	1
20	00000000000000000000000000000000	0000000000000000000000000000000000000000000000000000000000000000	00000000000000000000000000000000	00000000000000000000000000000000	000000		0	1
21	00000000000000000000000000000000	0000000000000000000000000000000000000000000000000000000000000000	00000000000000000000000000000000	00000000000000000000000000000000	000000		0	1
22	00000000000000000000000000000000	0000000000000000000000000000000000000000000000000000000000000000	00000000000000000000000000000000	00000000000000000000000000000000	000000		0	1
23	00000000000000000000000000000000	0000000000000000000000000000000000000000000000000000000000000000	00000000000000000000000000000000	00000000000000000000000000000000	000000		0	1
24	00000000000000000000000000000000	0000000000000000000000000000000000000000000000000000000000000000	00000000000000000000000000000000	00000000000000000000000000000000	000000		0	1
25	00000000000000000000000000000000	0000000000000000000000000000000000000000000000000000000000000000	00000000000000000000000000000000	00000000000000000000000000000000	000000		0	1
26	00000000000000000000000000000000	0000000000000000000000000000000000000000000000000000000000000000	00000000000000000000000000000000	00000000000000000000000000000000	000000		0	1
27	00000000000000000000000000000000	0000000000000000000000000000000000000000000000000000000000000000	00000000000000000000000000000000	00000000000000000000000000000000	000000		0	1
28	00000000000000000000000000000000	0000000000000000000000000000000000000000000000000000000000000000	00000000000000000000000000000000	00000000000000000000000000000000	000000		0	1
29	00000000000000000000000000000000	0000000000000000000000000000000000000000000000000000000000000000	00000000000000000000000000000000	00000000000000000000000000000000	000000		0	1
30	00000000000000000000000000000000	0000000000000000000000000000000000000000000000000000000000000000	00000000000000000000000000000000	00000000000000000000000000000000	000000		0	1
31	00000000000000000000000000000000	0000000000000000000000000000000000000000000000000000000000000000	00000000000000000000000000000000	00000000000000000000000000000000	000000		0	1
Fetch Halted: 
=================================================================================================================
Idx	 Seed Address				 Seed									 Low Pointer				 High Pointer				 Base Pointer	 Ready	 Valid
---------------------------------------------------------------------------------------------------------------------------------------------------------------------------------------------------------------------------------------------
0	00000000000000000000000000000000	0111010011011000011011010011011000010010000001001011001001000000	00000000000000000000000000000000	00000011100000100010100101010000	000000		1	0
1	00000000000000000000000000000000	0000000000000000000000000000000000000000000000000000000000000000	00000000000000000000000000000000	00000000000000000000000000000000	000000		0	1
2	00000000000000000000000000000000	0000000000000000000000000000000000000000000000000000000000000000	00000000000000000000000000000000	00000000000000000000000000000000	000000		0	1
3	00000000000000000000000000000000	0000000000000000000000000000000000000000000000000000000000000000	00000000000000000000000000000000	00000000000000000000000000000000	000000		0	1
4	00000000000000000000000000000000	0000000000000000000000000000000000000000000000000000000000000000	00000000000000000000000000000000	00000000000000000000000000000000	000000		0	1
5	00000000000000000000000000000000	0000000000000000000000000000000000000000000000000000000000000000	00000000000000000000000000000000	00000000000000000000000000000000	000000		0	1
6	00000000000000000000000000000000	0000000000000000000000000000000000000000000000000000000000000000	00000000000000000000000000000000	00000000000000000000000000000000	000000		0	1
7	00000000000000000000000000000000	0000000000000000000000000000000000000000000000000000000000000000	00000000000000000000000000000000	00000000000000000000000000000000	000000		0	1
8	00000000000000000000000000000000	0000000000000000000000000000000000000000000000000000000000000000	00000000000000000000000000000000	00000000000000000000000000000000	000000		0	1
9	00000000000000000000000000000000	0000000000000000000000000000000000000000000000000000000000000000	00000000000000000000000000000000	00000000000000000000000000000000	000000		0	1
10	00000000000000000000000000000000	0000000000000000000000000000000000000000000000000000000000000000	00000000000000000000000000000000	00000000000000000000000000000000	000000		0	1
11	00000000000000000000000000000000	0000000000000000000000000000000000000000000000000000000000000000	00000000000000000000000000000000	00000000000000000000000000000000	000000		0	1
12	00000000000000000000000000000000	0000000000000000000000000000000000000000000000000000000000000000	00000000000000000000000000000000	00000000000000000000000000000000	000000		0	1
13	00000000000000000000000000000000	0000000000000000000000000000000000000000000000000000000000000000	00000000000000000000000000000000	00000000000000000000000000000000	000000		0	1
14	00000000000000000000000000000000	0000000000000000000000000000000000000000000000000000000000000000	00000000000000000000000000000000	00000000000000000000000000000000	000000		0	1
15	00000000000000000000000000000000	0000000000000000000000000000000000000000000000000000000000000000	00000000000000000000000000000000	00000000000000000000000000000000	000000		0	1
16	00000000000000000000000000000000	0000000000000000000000000000000000000000000000000000000000000000	00000000000000000000000000000000	00000000000000000000000000000000	000000		0	1
17	00000000000000000000000000000000	0000000000000000000000000000000000000000000000000000000000000000	00000000000000000000000000000000	00000000000000000000000000000000	000000		0	1
18	00000000000000000000000000000000	0000000000000000000000000000000000000000000000000000000000000000	00000000000000000000000000000000	00000000000000000000000000000000	000000		0	1
19	00000000000000000000000000000000	0000000000000000000000000000000000000000000000000000000000000000	00000000000000000000000000000000	00000000000000000000000000000000	000000		0	1
20	00000000000000000000000000000000	0000000000000000000000000000000000000000000000000000000000000000	00000000000000000000000000000000	00000000000000000000000000000000	000000		0	1
21	00000000000000000000000000000000	0000000000000000000000000000000000000000000000000000000000000000	00000000000000000000000000000000	00000000000000000000000000000000	000000		0	1
22	00000000000000000000000000000000	0000000000000000000000000000000000000000000000000000000000000000	00000000000000000000000000000000	00000000000000000000000000000000	000000		0	1
23	00000000000000000000000000000000	0000000000000000000000000000000000000000000000000000000000000000	00000000000000000000000000000000	00000000000000000000000000000000	000000		0	1
24	00000000000000000000000000000000	0000000000000000000000000000000000000000000000000000000000000000	00000000000000000000000000000000	00000000000000000000000000000000	000000		0	1
25	00000000000000000000000000000000	0000000000000000000000000000000000000000000000000000000000000000	00000000000000000000000000000000	00000000000000000000000000000000	000000		0	1
26	00000000000000000000000000000000	0000000000000000000000000000000000000000000000000000000000000000	00000000000000000000000000000000	00000000000000000000000000000000	000000		0	1
27	00000000000000000000000000000000	0000000000000000000000000000000000000000000000000000000000000000	00000000000000000000000000000000	00000000000000000000000000000000	000000		0	1
28	00000000000000000000000000000000	0000000000000000000000000000000000000000000000000000000000000000	00000000000000000000000000000000	00000000000000000000000000000000	000000		0	1
29	00000000000000000000000000000000	0000000000000000000000000000000000000000000000000000000000000000	00000000000000000000000000000000	00000000000000000000000000000000	000000		0	1
30	00000000000000000000000000000000	0000000000000000000000000000000000000000000000000000000000000000	00000000000000000000000000000000	00000000000000000000000000000000	000000		0	1
31	00000000000000000000000000000000	0000000000000000000000000000000000000000000000000000000000000000	00000000000000000000000000000000	00000000000000000000000000000000	000000		0	1
=================================================================================================================
Idx	 Seed Address				 Seed									 Low Pointer				 High Pointer				 Base Pointer	 Ready	 Valid
---------------------------------------------------------------------------------------------------------------------------------------------------------------------------------------------------------------------------------------------
0	00000000000000000000000000000000	0111010011011000011011010011011000010010000001001011001001000000	00000000000000000000000000000000	00000011100000100010100101010000	000000		1	0
1	00000000000000000000000000000000	0000000000000000000000000000000000000000000000000000000000000000	00000000000000000000000000000000	00000000000000000000000000000000	000000		0	1
2	00000000000000000000000000000000	0000000000000000000000000000000000000000000000000000000000000000	00000000000000000000000000000000	00000000000000000000000000000000	000000		0	1
3	00000000000000000000000000000000	0000000000000000000000000000000000000000000000000000000000000000	00000000000000000000000000000000	00000000000000000000000000000000	000000		0	1
4	00000000000000000000000000000000	0000000000000000000000000000000000000000000000000000000000000000	00000000000000000000000000000000	00000000000000000000000000000000	000000		0	1
5	00000000000000000000000000000000	0000000000000000000000000000000000000000000000000000000000000000	00000000000000000000000000000000	00000000000000000000000000000000	000000		0	1
6	00000000000000000000000000000000	0000000000000000000000000000000000000000000000000000000000000000	00000000000000000000000000000000	00000000000000000000000000000000	000000		0	1
7	00000000000000000000000000000000	0000000000000000000000000000000000000000000000000000000000000000	00000000000000000000000000000000	00000000000000000000000000000000	000000		0	1
8	00000000000000000000000000000000	0000000000000000000000000000000000000000000000000000000000000000	00000000000000000000000000000000	00000000000000000000000000000000	000000		0	1
9	00000000000000000000000000000000	0000000000000000000000000000000000000000000000000000000000000000	00000000000000000000000000000000	00000000000000000000000000000000	000000		0	1
10	00000000000000000000000000000000	0000000000000000000000000000000000000000000000000000000000000000	00000000000000000000000000000000	00000000000000000000000000000000	000000		0	1
11	00000000000000000000000000000000	0000000000000000000000000000000000000000000000000000000000000000	00000000000000000000000000000000	00000000000000000000000000000000	000000		0	1
12	00000000000000000000000000000000	0000000000000000000000000000000000000000000000000000000000000000	00000000000000000000000000000000	00000000000000000000000000000000	000000		0	1
13	00000000000000000000000000000000	0000000000000000000000000000000000000000000000000000000000000000	00000000000000000000000000000000	00000000000000000000000000000000	000000		0	1
14	00000000000000000000000000000000	0000000000000000000000000000000000000000000000000000000000000000	00000000000000000000000000000000	00000000000000000000000000000000	000000		0	1
15	00000000000000000000000000000000	0000000000000000000000000000000000000000000000000000000000000000	00000000000000000000000000000000	00000000000000000000000000000000	000000		0	1
16	00000000000000000000000000000000	0000000000000000000000000000000000000000000000000000000000000000	00000000000000000000000000000000	00000000000000000000000000000000	000000		0	1
17	00000000000000000000000000000000	0000000000000000000000000000000000000000000000000000000000000000	00000000000000000000000000000000	00000000000000000000000000000000	000000		0	1
18	00000000000000000000000000000000	0000000000000000000000000000000000000000000000000000000000000000	00000000000000000000000000000000	00000000000000000000000000000000	000000		0	1
19	00000000000000000000000000000000	0000000000000000000000000000000000000000000000000000000000000000	00000000000000000000000000000000	00000000000000000000000000000000	000000		0	1
20	00000000000000000000000000000000	0000000000000000000000000000000000000000000000000000000000000000	00000000000000000000000000000000	00000000000000000000000000000000	000000		0	1
21	00000000000000000000000000000000	0000000000000000000000000000000000000000000000000000000000000000	00000000000000000000000000000000	00000000000000000000000000000000	000000		0	1
22	00000000000000000000000000000000	0000000000000000000000000000000000000000000000000000000000000000	00000000000000000000000000000000	00000000000000000000000000000000	000000		0	1
23	00000000000000000000000000000000	0000000000000000000000000000000000000000000000000000000000000000	00000000000000000000000000000000	00000000000000000000000000000000	000000		0	1
24	00000000000000000000000000000000	0000000000000000000000000000000000000000000000000000000000000000	00000000000000000000000000000000	00000000000000000000000000000000	000000		0	1
25	00000000000000000000000000000000	0000000000000000000000000000000000000000000000000000000000000000	00000000000000000000000000000000	00000000000000000000000000000000	000000		0	1
26	00000000000000000000000000000000	0000000000000000000000000000000000000000000000000000000000000000	00000000000000000000000000000000	00000000000000000000000000000000	000000		0	1
27	00000000000000000000000000000000	0000000000000000000000000000000000000000000000000000000000000000	00000000000000000000000000000000	00000000000000000000000000000000	000000		0	1
28	00000000000000000000000000000000	0000000000000000000000000000000000000000000000000000000000000000	00000000000000000000000000000000	00000000000000000000000000000000	000000		0	1
29	00000000000000000000000000000000	0000000000000000000000000000000000000000000000000000000000000000	00000000000000000000000000000000	00000000000000000000000000000000	000000		0	1
30	00000000000000000000000000000000	0000000000000000000000000000000000000000000000000000000000000000	00000000000000000000000000000000	00000000000000000000000000000000	000000		0	1
31	00000000000000000000000000000000	0000000000000000000000000000000000000000000000000000000000000000	00000000000000000000000000000000	00000000000000000000000000000000	000000		0	1
===================================================================================================

New Cycle: 83
Dispatcher Unit: 83	0
Seed: 0111010011011000011011010011011000010010000001001011001001000000
BP: 000000
base: 000
Dispatch queue:
========================================================
Queue: DispatchAQ	8
Idx	 Value
--------------------------------------------------------
0	00	00000000000000000000000000000000	00000011100000100010100101010000	000000	1

1	00	00000000000000000000000000000000	00000000000000000000000000000000	000000	0

2	00	00000000000000000000000000000000	00000000000000000000000000000000	000000	0

3	00	00000000000000000000000000000000	00000000000000000000000000000000	000000	0

4	00	00000000000000000000000000000000	00000000000000000000000000000000	000000	0

5	00	00000000000000000000000000000000	00000000000000000000000000000000	000000	0

6	00	00000000000000000000000000000000	00000000000000000000000000000000	000000	0

7	00	00000000000000000000000000000000	00000000000000000000000000000000	000000	0

Read Pointer: 0
Write Pointer: 1
Count: 1
Full: 0
Empty: 0
===================================================================================================

New Cycle: 84
Dispatcher Unit: 84	0
Seed: 0111010011011000011011010011011000010010000001001011001001000000
BP: 000011
base: 000
Dispatch queue:
========================================================
Queue: DispatchAQ	8
Idx	 Value
--------------------------------------------------------
0	00	00000000000000000000000000000000	00000011100000100010100101010000	000000	1

1	00	00000000000000000000000000000000	00000011100000100010100101010000	000000	1

2	00	00000000000000000000000000000000	00000000000000000000000000000000	000000	0

3	00	00000000000000000000000000000000	00000000000000000000000000000000	000000	0

4	00	00000000000000000000000000000000	00000000000000000000000000000000	000000	0

5	00	00000000000000000000000000000000	00000000000000000000000000000000	000000	0

6	00	00000000000000000000000000000000	00000000000000000000000000000000	000000	0

7	00	00000000000000000000000000000000	00000000000000000000000000000000	000000	0

Read Pointer: 1
Write Pointer: 2
Count: 1
Full: 0
Empty: 0
===================================================================================================

New Cycle: 85
Dispatcher Unit: 85	0
Seed: 0111010011011000011011010011011000010010000001001011001001000000
BP: 000110
base: 001
Dispatch queue:
========================================================
Queue: DispatchCQ	8
Idx	 Value
--------------------------------------------------------
0	01	00000000000000000000000000000000	00000011100000100010100101010000	000000	1

1	00	00000000000000000000000000000000	00000000000000000000000000000000	000000	0

2	00	00000000000000000000000000000000	00000000000000000000000000000000	000000	0

3	00	00000000000000000000000000000000	00000000000000000000000000000000	000000	0

4	00	00000000000000000000000000000000	00000000000000000000000000000000	000000	0

5	00	00000000000000000000000000000000	00000000000000000000000000000000	000000	0

6	00	00000000000000000000000000000000	00000000000000000000000000000000	000000	0

7	00	00000000000000000000000000000000	00000000000000000000000000000000	000000	0

Read Pointer: 0
Write Pointer: 1
Count: 1
Full: 0
Empty: 0
===================================================================================================

New Cycle: 86
Dispatcher Unit: 86	0
Seed: 0111010011011000011011010011011000010010000001001011001001000000
BP: 001001
base: 001
Dispatch queue:
========================================================
Queue: DispatchCQ	8
Idx	 Value
--------------------------------------------------------
0	01	00000000000000000000000000000000	00000011100000100010100101010000	000000	1

1	01	00000000000000000000000000000000	00000011100000100010100101010000	000000	1

2	00	00000000000000000000000000000000	00000000000000000000000000000000	000000	0

3	00	00000000000000000000000000000000	00000000000000000000000000000000	000000	0

4	00	00000000000000000000000000000000	00000000000000000000000000000000	000000	0

5	00	00000000000000000000000000000000	00000000000000000000000000000000	000000	0

6	00	00000000000000000000000000000000	00000000000000000000000000000000	000000	0

7	00	00000000000000000000000000000000	00000000000000000000000000000000	000000	0

Read Pointer: 1
Write Pointer: 2
Count: 1
Full: 0
Empty: 0
===================================================================================================

New Cycle: 87
Dispatcher Unit: 87	0
Seed: 0111010011011000011011010011011000010010000001001011001001000000
BP: 001100
base: 011
Dispatch queue:
========================================================
Queue: DispatchTQ	8
Idx	 Value
--------------------------------------------------------
0	11	00000000000000000000000000000000	00000011100000100010100101010000	000000	1

1	00	00000000000000000000000000000000	00000000000000000000000000000000	000000	0

2	00	00000000000000000000000000000000	00000000000000000000000000000000	000000	0

3	00	00000000000000000000000000000000	00000000000000000000000000000000	000000	0

4	00	00000000000000000000000000000000	00000000000000000000000000000000	000000	0

5	00	00000000000000000000000000000000	00000000000000000000000000000000	000000	0

6	00	00000000000000000000000000000000	00000000000000000000000000000000	000000	0

7	00	00000000000000000000000000000000	00000000000000000000000000000000	000000	0

Read Pointer: 0
Write Pointer: 1
Count: 1
Full: 0
Empty: 0
===================================================================================================

New Cycle: 88
Dispatcher Unit: 88	0
Seed: 0111010011011000011011010011011000010010000001001011001001000000
BP: 001111
base: 001
Dispatch queue:
========================================================
Queue: DispatchCQ	8
Idx	 Value
--------------------------------------------------------
0	01	00000000000000000000000000000000	00000011100000100010100101010000	000000	1

1	01	00000000000000000000000000000000	00000011100000100010100101010000	000000	1

2	01	00000000000000000000000000000000	00000011100000100010100101010000	000000	1

3	00	00000000000000000000000000000000	00000000000000000000000000000000	000000	0

4	00	00000000000000000000000000000000	00000000000000000000000000000000	000000	0

5	00	00000000000000000000000000000000	00000000000000000000000000000000	000000	0

6	00	00000000000000000000000000000000	00000000000000000000000000000000	000000	0

7	00	00000000000000000000000000000000	00000000000000000000000000000000	000000	0

Read Pointer: 2
Write Pointer: 3
Count: 1
Full: 0
Empty: 0
===================================================================================================

New Cycle: 89
Dispatcher Unit: 89	0
Seed: 0111010011011000011011010011011000010010000001001011001001000000
BP: 010010
base: 001
Dispatch queue:
========================================================
Queue: DispatchCQ	8
Idx	 Value
--------------------------------------------------------
0	01	00000000000000000000000000000000	00000011100000100010100101010000	000000	1

1	01	00000000000000000000000000000000	00000011100000100010100101010000	000000	1

2	01	00000000000000000000000000000000	00000011100000100010100101010000	000000	1

3	01	00000000000000000000000000000000	00000011100000100010100101010000	000000	1

4	00	00000000000000000000000000000000	00000000000000000000000000000000	000000	0

5	00	00000000000000000000000000000000	00000000000000000000000000000000	000000	0

6	00	00000000000000000000000000000000	00000000000000000000000000000000	000000	0

7	00	00000000000000000000000000000000	00000000000000000000000000000000	000000	0

Read Pointer: 3
Write Pointer: 4
Count: 1
Full: 0
Empty: 0
===================================================================================================

New Cycle: 90
Dispatcher Unit: 90	0
Seed: 0111010011011000011011010011011000010010000001001011001001000000
BP: 010101
base: 000
Dispatch queue:
========================================================
Queue: DispatchAQ	8
Idx	 Value
--------------------------------------------------------
0	00	00000000000000000000000000000000	00000011100000100010100101010000	000000	1

1	00	00000000000000000000000000000000	00000011100000100010100101010000	000000	1

2	00	00000000000000000000000000000000	00000011100000100010100101010000	000000	1

3	00	00000000000000000000000000000000	00000000000000000000000000000000	000000	0

4	00	00000000000000000000000000000000	00000000000000000000000000000000	000000	0

5	00	00000000000000000000000000000000	00000000000000000000000000000000	000000	0

6	00	00000000000000000000000000000000	00000000000000000000000000000000	000000	0

7	00	00000000000000000000000000000000	00000000000000000000000000000000	000000	0

Read Pointer: 2
Write Pointer: 3
Count: 1
Full: 0
Empty: 0
===================================================================================================

New Cycle: 91
Dispatcher Unit: 91	0
Seed: 0111010011011000011011010011011000010010000001001011001001000000
BP: 011000
base: 010
Dispatch queue:
========================================================
Queue: DispatchGQ	8
Idx	 Value
--------------------------------------------------------
0	10	00000000000000000000000000000000	00000011100000100010100101010000	000000	1

1	00	00000000000000000000000000000000	00000000000000000000000000000000	000000	0

2	00	00000000000000000000000000000000	00000000000000000000000000000000	000000	0

3	00	00000000000000000000000000000000	00000000000000000000000000000000	000000	0

4	00	00000000000000000000000000000000	00000000000000000000000000000000	000000	0

5	00	00000000000000000000000000000000	00000000000000000000000000000000	000000	0

6	00	00000000000000000000000000000000	00000000000000000000000000000000	000000	0

7	00	00000000000000000000000000000000	00000000000000000000000000000000	000000	0

Read Pointer: 0
Write Pointer: 1
Count: 1
Full: 0
Empty: 0
===================================================================================================

New Cycle: 92
Dispatcher Unit: 92	0
Seed: 0111010011011000011011010011011000010010000001001011001001000000
BP: 011011
base: 010
Dispatch queue:
========================================================
Queue: DispatchGQ	8
Idx	 Value
--------------------------------------------------------
0	10	00000000000000000000000000000000	00000011100000100010100101010000	000000	1

1	10	00000000000000000000000000000000	00000011100000100010100101010000	000000	1

2	00	00000000000000000000000000000000	00000000000000000000000000000000	000000	0

3	00	00000000000000000000000000000000	00000000000000000000000000000000	000000	0

4	00	00000000000000000000000000000000	00000000000000000000000000000000	000000	0

5	00	00000000000000000000000000000000	00000000000000000000000000000000	000000	0

6	00	00000000000000000000000000000000	00000000000000000000000000000000	000000	0

7	00	00000000000000000000000000000000	00000000000000000000000000000000	000000	0

Read Pointer: 1
Write Pointer: 2
Count: 1
Full: 0
Empty: 0
===================================================================================================

New Cycle: 93
Dispatcher Unit: 93	0
Seed: 0111010011011000011011010011011000010010000001001011001001000000
BP: 011110
base: 000
Dispatch queue:
========================================================
Queue: DispatchAQ	8
Idx	 Value
--------------------------------------------------------
0	00	00000000000000000000000000000000	00000011100000100010100101010000	000000	1

1	00	00000000000000000000000000000000	00000011100000100010100101010000	000000	1

2	00	00000000000000000000000000000000	00000011100000100010100101010000	000000	1

3	00	00000000000000000000000000000000	00000011100000100010100101010000	000000	1

4	00	00000000000000000000000000000000	00000000000000000000000000000000	000000	0

5	00	00000000000000000000000000000000	00000000000000000000000000000000	000000	0

6	00	00000000000000000000000000000000	00000000000000000000000000000000	000000	0

7	00	00000000000000000000000000000000	00000000000000000000000000000000	000000	0

Read Pointer: 3
Write Pointer: 4
Count: 1
Full: 0
Empty: 0
===================================================================================================

New Cycle: 94
Dispatcher Unit: 94	0
Seed: 0111010011011000011011010011011000010010000001001011001001000000
BP: 100001
base: 011
Dispatch queue:
========================================================
Queue: DispatchTQ	8
Idx	 Value
--------------------------------------------------------
0	11	00000000000000000000000000000000	00000011100000100010100101010000	000000	1

1	11	00000000000000000000000000000000	00000011100000100010100101010000	000000	1

2	00	00000000000000000000000000000000	00000000000000000000000000000000	000000	0

3	00	00000000000000000000000000000000	00000000000000000000000000000000	000000	0

4	00	00000000000000000000000000000000	00000000000000000000000000000000	000000	0

5	00	00000000000000000000000000000000	00000000000000000000000000000000	000000	0

6	00	00000000000000000000000000000000	00000000000000000000000000000000	000000	0

7	00	00000000000000000000000000000000	00000000000000000000000000000000	000000	0

Read Pointer: 1
Write Pointer: 2
Count: 1
Full: 0
Empty: 0
===================================================================================================

New Cycle: 95
Dispatcher Unit: 95	0
Seed: 0111010011011000011011010011011000010010000001001011001001000000
BP: 100100
base: 011
Dispatch queue:
========================================================
Queue: DispatchTQ	8
Idx	 Value
--------------------------------------------------------
0	11	00000000000000000000000000000000	00000011100000100010100101010000	000000	1

1	11	00000000000000000000000000000000	00000011100000100010100101010000	000000	1

2	11	00000000000000000000000000000000	00000011100000100010100101010000	000000	1

3	00	00000000000000000000000000000000	00000000000000000000000000000000	000000	0

4	00	00000000000000000000000000000000	00000000000000000000000000000000	000000	0

5	00	00000000000000000000000000000000	00000000000000000000000000000000	000000	0

6	00	00000000000000000000000000000000	00000000000000000000000000000000	000000	0

7	00	00000000000000000000000000000000	00000000000000000000000000000000	000000	0

Read Pointer: 2
Write Pointer: 3
Count: 1
Full: 0
Empty: 0
===================================================================================================

New Cycle: 96
Dispatcher Unit: 96	0
Seed: 0111010011011000011011010011011000010010000001001011001001000000
BP: 100111
base: 010
Dispatch queue:
========================================================
Queue: DispatchGQ	8
Idx	 Value
--------------------------------------------------------
0	10	00000000000000000000000000000000	00000011100000100010100101010000	000000	1

1	10	00000000000000000000000000000000	00000011100000100010100101010000	000000	1

2	10	00000000000000000000000000000000	00000011100000100010100101010000	000000	1

3	00	00000000000000000000000000000000	00000000000000000000000000000000	000000	0

4	00	00000000000000000000000000000000	00000000000000000000000000000000	000000	0

5	00	00000000000000000000000000000000	00000000000000000000000000000000	000000	0

6	00	00000000000000000000000000000000	00000000000000000000000000000000	000000	0

7	00	00000000000000000000000000000000	00000000000000000000000000000000	000000	0

Read Pointer: 2
Write Pointer: 3
Count: 1
Full: 0
Empty: 0
===================================================================================================

New Cycle: 97
Dispatcher Unit: 97	0
Seed: 0111010011011000011011010011011000010010000001001011001001000000
BP: 101010
base: 011
Dispatch queue:
========================================================
Queue: DispatchTQ	8
Idx	 Value
--------------------------------------------------------
0	11	00000000000000000000000000000000	00000011100000100010100101010000	000000	1

1	11	00000000000000000000000000000000	00000011100000100010100101010000	000000	1

2	11	00000000000000000000000000000000	00000011100000100010100101010000	000000	1

3	11	00000000000000000000000000000000	00000011100000100010100101010000	000000	1

4	00	00000000000000000000000000000000	00000000000000000000000000000000	000000	0

5	00	00000000000000000000000000000000	00000000000000000000000000000000	000000	0

6	00	00000000000000000000000000000000	00000000000000000000000000000000	000000	0

7	00	00000000000000000000000000000000	00000000000000000000000000000000	000000	0

Read Pointer: 3
Write Pointer: 4
Count: 1
Full: 0
Empty: 0
===================================================================================================

New Cycle: 98
Dispatcher Unit: 98	0
Seed: 0111010011011000011011010011011000010010000001001011001001000000
BP: 101101
base: 011
Dispatch queue:
========================================================
Queue: DispatchTQ	8
Idx	 Value
--------------------------------------------------------
0	11	00000000000000000000000000000000	00000011100000100010100101010000	000000	1

1	11	00000000000000000000000000000000	00000011100000100010100101010000	000000	1

2	11	00000000000000000000000000000000	00000011100000100010100101010000	000000	1

3	11	00000000000000000000000000000000	00000011100000100010100101010000	000000	1

4	11	00000000000000000000000000000000	00000011100000100010100101010000	000000	1

5	00	00000000000000000000000000000000	00000000000000000000000000000000	000000	0

6	00	00000000000000000000000000000000	00000000000000000000000000000000	000000	0

7	00	00000000000000000000000000000000	00000000000000000000000000000000	000000	0

Read Pointer: 4
Write Pointer: 5
Count: 1
Full: 0
Empty: 0
===================================================================================================

New Cycle: 99
Dispatcher Unit: 99	0
Seed: 0111010011011000011011010011011000010010000001001011001001000000
BP: 110000
base: 000
Dispatch queue:
========================================================
Queue: DispatchAQ	8
Idx	 Value
--------------------------------------------------------
0	00	00000000000000000000000000000000	00000011100000100010100101010000	000000	1

1	00	00000000000000000000000000000000	00000011100000100010100101010000	000000	1

2	00	00000000000000000000000000000000	00000011100000100010100101010000	000000	1

3	00	00000000000000000000000000000000	00000011100000100010100101010000	000000	1

4	00	00000000000000000000000000000000	00000011100000100010100101010000	000000	1

5	00	00000000000000000000000000000000	00000000000000000000000000000000	000000	0

6	00	00000000000000000000000000000000	00000000000000000000000000000000	000000	0

7	00	00000000000000000000000000000000	00000000000000000000000000000000	000000	0

Read Pointer: 4
Write Pointer: 5
Count: 1
Full: 0
Empty: 0
===================================================================================================

New Cycle: 100
Dispatcher Unit: 100	0
Seed: 0111010011011000011011010011011000010010000001001011001001000000
BP: 110011
base: 011
Dispatch queue:
========================================================
Queue: DispatchTQ	8
Idx	 Value
--------------------------------------------------------
0	11	00000000000000000000000000000000	00000011100000100010100101010000	000000	1

1	11	00000000000000000000000000000000	00000011100000100010100101010000	000000	1

2	11	00000000000000000000000000000000	00000011100000100010100101010000	000000	1

3	11	00000000000000000000000000000000	00000011100000100010100101010000	000000	1

4	11	00000000000000000000000000000000	00000011100000100010100101010000	000000	1

5	11	00000000000000000000000000000000	00000011100000100010100101010000	000000	1

6	00	00000000000000000000000000000000	00000000000000000000000000000000	000000	0

7	00	00000000000000000000000000000000	00000000000000000000000000000000	000000	0

Read Pointer: 5
Write Pointer: 6
Count: 1
Full: 0
Empty: 0
===================================================================================================

New Cycle: 101
Dispatcher Unit: 101	0
Seed: 0111010011011000011011010011011000010010000001001011001001000000
BP: 110110
base: 011
Dispatch queue:
========================================================
Queue: DispatchTQ	8
Idx	 Value
--------------------------------------------------------
0	11	00000000000000000000000000000000	00000011100000100010100101010000	000000	1

1	11	00000000000000000000000000000000	00000011100000100010100101010000	000000	1

2	11	00000000000000000000000000000000	00000011100000100010100101010000	000000	1

3	11	00000000000000000000000000000000	00000011100000100010100101010000	000000	1

4	11	00000000000000000000000000000000	00000011100000100010100101010000	000000	1

5	11	00000000000000000000000000000000	00000011100000100010100101010000	000000	1

6	11	00000000000000000000000000000000	00000011100000100010100101010000	000000	1

7	00	00000000000000000000000000000000	00000000000000000000000000000000	000000	0

Read Pointer: 6
Write Pointer: 7
Count: 1
Full: 0
Empty: 0
===================================================================================================

New Cycle: 102
Dispatcher Unit: 102	0
Seed: 0111010011011000011011010011011000010010000001001011001001000000
BP: 111001
base: 010
Dispatch queue:
========================================================
Queue: DispatchGQ	8
Idx	 Value
--------------------------------------------------------
0	10	00000000000000000000000000000000	00000011100000100010100101010000	000000	1

1	10	00000000000000000000000000000000	00000011100000100010100101010000	000000	1

2	10	00000000000000000000000000000000	00000011100000100010100101010000	000000	1

3	10	00000000000000000000000000000000	00000011100000100010100101010000	000000	1

4	00	00000000000000000000000000000000	00000000000000000000000000000000	000000	0

5	00	00000000000000000000000000000000	00000000000000000000000000000000	000000	0

6	00	00000000000000000000000000000000	00000000000000000000000000000000	000000	0

7	00	00000000000000000000000000000000	00000000000000000000000000000000	000000	0

Read Pointer: 3
Write Pointer: 4
Count: 1
Full: 0
Empty: 0
===================================================================================================

New Cycle: 103
Dispatcher Unit: 103	0
Seed: 0111010011011000011011010011011000010010000001001011001001000000
BP: 111100
base: 111
